2024-04-08 00:36:22.647004+00:00 [notice] <0.248.0> Logging: configured log handlers are now ACTIVE
2024-04-08 00:36:22.652801+00:00 [info] <0.248.0> ra: starting system quorum_queues
2024-04-08 00:36:22.652824+00:00 [info] <0.248.0> starting Ra system: quorum_queues in directory: /var/lib/rabbitmq/mnesia/rabbit@94475f3e0f21/quorum/rabbit@94475f3e0f21
2024-04-08 00:36:22.693268+00:00 [info] <0.263.0> ra system 'quorum_queues' running pre init for 0 registered servers
2024-04-08 00:36:22.700744+00:00 [info] <0.264.0> ra: meta data store initialised for system quorum_queues. 0 record(s) recovered
2024-04-08 00:36:22.709599+00:00 [notice] <0.269.0> WAL: ra_log_wal init, open tbls: ra_log_open_mem_tables, closed tbls: ra_log_closed_mem_tables
2024-04-08 00:36:22.714133+00:00 [info] <0.248.0> ra: starting system coordination
2024-04-08 00:36:22.714156+00:00 [info] <0.248.0> starting Ra system: coordination in directory: /var/lib/rabbitmq/mnesia/rabbit@94475f3e0f21/coordination/rabbit@94475f3e0f21
2024-04-08 00:36:22.715847+00:00 [info] <0.276.0> ra system 'coordination' running pre init for 0 registered servers
2024-04-08 00:36:22.716863+00:00 [info] <0.277.0> ra: meta data store initialised for system coordination. 0 record(s) recovered
2024-04-08 00:36:22.716948+00:00 [notice] <0.282.0> WAL: ra_coordination_log_wal init, open tbls: ra_coordination_log_open_mem_tables, closed tbls: ra_coordination_log_closed_mem_tables
2024-04-08 00:36:22.718175+00:00 [info] <0.248.0> ra: starting system coordination
2024-04-08 00:36:22.718187+00:00 [info] <0.248.0> starting Ra system: coordination in directory: /var/lib/rabbitmq/mnesia/rabbit@94475f3e0f21/coordination/rabbit@94475f3e0f21
2024-04-08 00:36:22.765961+00:00 [info] <0.248.0> Waiting for Khepri leader for 30000 ms, 9 retries left
2024-04-08 00:36:22.767639+00:00 [notice] <0.285.0> RabbitMQ metadata store: candidate -> leader in term: 1 machine version: 0
2024-04-08 00:36:22.774086+00:00 [info] <0.248.0> Khepri leader elected
2024-04-08 00:36:22.922230+00:00 [info] <0.248.0> 
2024-04-08 00:36:22.922230+00:00 [info] <0.248.0>  Starting RabbitMQ 3.13.1 on Erlang 26.2.2 [jit]
2024-04-08 00:36:22.922230+00:00 [info] <0.248.0>  Copyright (c) 2007-2024 Broadcom Inc and/or its subsidiaries
2024-04-08 00:36:22.922230+00:00 [info] <0.248.0>  Licensed under the MPL 2.0. Website: https://rabbitmq.com
2024-04-08 00:36:22.922984+00:00 [info] <0.248.0> 
2024-04-08 00:36:22.922984+00:00 [info] <0.248.0>  node           : rabbit@94475f3e0f21
2024-04-08 00:36:22.922984+00:00 [info] <0.248.0>  home dir       : /var/lib/rabbitmq
2024-04-08 00:36:22.922984+00:00 [info] <0.248.0>  config file(s) : (none)
2024-04-08 00:36:22.922984+00:00 [info] <0.248.0>  cookie hash    : h3mEYi6hOdL2TrbVlJp9dw==
2024-04-08 00:36:22.922984+00:00 [info] <0.248.0>  log(s)         : /var/log/rabbitmq/rabbit@94475f3e0f21.log
2024-04-08 00:36:22.922984+00:00 [info] <0.248.0>                 : <stdout>
2024-04-08 00:36:22.922984+00:00 [info] <0.248.0>  data dir       : /var/lib/rabbitmq/mnesia/rabbit@94475f3e0f21
2024-04-08 00:36:22.969821+00:00 [info] <0.248.0> Running boot step pre_boot defined by app rabbit
2024-04-08 00:36:22.969848+00:00 [info] <0.248.0> Running boot step rabbit_global_counters defined by app rabbit
2024-04-08 00:36:22.969980+00:00 [info] <0.248.0> Running boot step rabbit_osiris_metrics defined by app rabbit
2024-04-08 00:36:22.970022+00:00 [info] <0.248.0> Running boot step rabbit_core_metrics defined by app rabbit
2024-04-08 00:36:22.970335+00:00 [info] <0.248.0> Running boot step rabbit_alarm defined by app rabbit
2024-04-08 00:36:22.976382+00:00 [info] <0.321.0> Memory high watermark set to 3136 MiB (3288881561 bytes) of 7841 MiB (8222203904 bytes) total
2024-04-08 00:36:22.978036+00:00 [info] <0.323.0> Enabling free disk space monitoring (disk free space: 343657005056, total memory: 8222203904)
2024-04-08 00:36:22.978067+00:00 [info] <0.323.0> Disk free limit set to 50MB
2024-04-08 00:36:22.979116+00:00 [info] <0.248.0> Running boot step code_server_cache defined by app rabbit
2024-04-08 00:36:22.979165+00:00 [info] <0.248.0> Running boot step file_handle_cache defined by app rabbit
2024-04-08 00:36:22.983605+00:00 [info] <0.326.0> Limiting to approx 1048479 file handles (943629 sockets)
2024-04-08 00:36:22.983661+00:00 [info] <0.327.0> FHC read buffering: OFF
2024-04-08 00:36:22.983676+00:00 [info] <0.327.0> FHC write buffering: ON
2024-04-08 00:36:22.983929+00:00 [info] <0.248.0> Running boot step worker_pool defined by app rabbit
2024-04-08 00:36:22.983956+00:00 [info] <0.308.0> Will use 8 processes for default worker pool
2024-04-08 00:36:22.983969+00:00 [info] <0.308.0> Starting worker pool 'worker_pool' with 8 processes in it
2024-04-08 00:36:22.984156+00:00 [info] <0.248.0> Running boot step database defined by app rabbit
2024-04-08 00:36:22.984655+00:00 [info] <0.248.0> Peer discovery: configured backend: rabbit_peer_discovery_classic_config
2024-04-08 00:36:22.985556+00:00 [notice] <0.309.0> Feature flags: attempt to enable `quorum_queue_non_voters`...
2024-04-08 00:36:23.023186+00:00 [notice] <0.309.0> Feature flags: `quorum_queue_non_voters` enabled
2024-04-08 00:36:23.023336+00:00 [notice] <0.309.0> Feature flags: attempt to enable `stream_update_config_command`...
2024-04-08 00:36:23.064584+00:00 [notice] <0.309.0> Feature flags: `stream_update_config_command` enabled
2024-04-08 00:36:23.064667+00:00 [notice] <0.309.0> Feature flags: attempt to enable `stream_filtering`...
2024-04-08 00:36:23.102136+00:00 [notice] <0.309.0> Feature flags: `stream_filtering` enabled
2024-04-08 00:36:23.102212+00:00 [notice] <0.309.0> Feature flags: attempt to enable `stream_sac_coordinator_unblock_group`...
2024-04-08 00:36:23.138439+00:00 [notice] <0.309.0> Feature flags: `stream_sac_coordinator_unblock_group` enabled
2024-04-08 00:36:23.138545+00:00 [notice] <0.309.0> Feature flags: attempt to enable `restart_streams`...
2024-04-08 00:36:23.174767+00:00 [notice] <0.309.0> Feature flags: `restart_streams` enabled
2024-04-08 00:36:23.174870+00:00 [notice] <0.309.0> Feature flags: attempt to enable `message_containers`...
2024-04-08 00:36:23.210522+00:00 [notice] <0.309.0> Feature flags: `message_containers` enabled
2024-04-08 00:36:23.211193+00:00 [info] <0.248.0> DB: virgin node -> run peer discovery
2024-04-08 00:36:23.217990+00:00 [notice] <0.44.0> Application mnesia exited with reason: stopped
2024-04-08 00:36:23.303215+00:00 [info] <0.248.0> Waiting for Mnesia tables for 30000 ms, 9 retries left
2024-04-08 00:36:23.303277+00:00 [info] <0.248.0> Successfully synced tables from a peer
2024-04-08 00:36:23.303310+00:00 [info] <0.248.0> Waiting for Mnesia tables for 30000 ms, 9 retries left
2024-04-08 00:36:23.303340+00:00 [info] <0.248.0> Successfully synced tables from a peer
2024-04-08 00:36:23.305471+00:00 [info] <0.248.0> Waiting for Mnesia tables for 30000 ms, 9 retries left
2024-04-08 00:36:23.305524+00:00 [info] <0.248.0> Successfully synced tables from a peer
2024-04-08 00:36:23.305601+00:00 [info] <0.248.0> Running boot step tracking_metadata_store defined by app rabbit
2024-04-08 00:36:23.305634+00:00 [info] <0.540.0> Setting up a table for connection tracking on this node: tracked_connection
2024-04-08 00:36:23.305655+00:00 [info] <0.540.0> Setting up a table for per-vhost connection counting on this node: tracked_connection_per_vhost
2024-04-08 00:36:23.305686+00:00 [info] <0.540.0> Setting up a table for per-user connection counting on this node: tracked_connection_per_user
2024-04-08 00:36:23.305711+00:00 [info] <0.540.0> Setting up a table for channel tracking on this node: tracked_channel
2024-04-08 00:36:23.305724+00:00 [info] <0.540.0> Setting up a table for channel tracking on this node: tracked_channel_per_user
2024-04-08 00:36:23.305745+00:00 [info] <0.248.0> Running boot step networking_metadata_store defined by app rabbit
2024-04-08 00:36:23.305794+00:00 [info] <0.248.0> Running boot step feature_flags defined by app rabbit
2024-04-08 00:36:23.305879+00:00 [info] <0.248.0> Running boot step codec_correctness_check defined by app rabbit
2024-04-08 00:36:23.305895+00:00 [info] <0.248.0> Running boot step external_infrastructure defined by app rabbit
2024-04-08 00:36:23.305928+00:00 [info] <0.248.0> Running boot step rabbit_event defined by app rabbit
2024-04-08 00:36:23.306061+00:00 [info] <0.248.0> Running boot step rabbit_registry defined by app rabbit
2024-04-08 00:36:23.306095+00:00 [info] <0.248.0> Running boot step rabbit_auth_mechanism_amqplain defined by app rabbit
2024-04-08 00:36:23.306133+00:00 [info] <0.248.0> Running boot step rabbit_auth_mechanism_cr_demo defined by app rabbit
2024-04-08 00:36:23.306167+00:00 [info] <0.248.0> Running boot step rabbit_auth_mechanism_plain defined by app rabbit
2024-04-08 00:36:23.306189+00:00 [info] <0.248.0> Running boot step rabbit_exchange_type_direct defined by app rabbit
2024-04-08 00:36:23.306213+00:00 [info] <0.248.0> Running boot step rabbit_exchange_type_fanout defined by app rabbit
2024-04-08 00:36:23.306236+00:00 [info] <0.248.0> Running boot step rabbit_exchange_type_headers defined by app rabbit
2024-04-08 00:36:23.306262+00:00 [info] <0.248.0> Running boot step rabbit_exchange_type_topic defined by app rabbit
2024-04-08 00:36:23.306292+00:00 [info] <0.248.0> Running boot step rabbit_mirror_queue_mode_all defined by app rabbit
2024-04-08 00:36:23.306322+00:00 [info] <0.248.0> Running boot step rabbit_mirror_queue_mode_exactly defined by app rabbit
2024-04-08 00:36:23.306340+00:00 [info] <0.248.0> Running boot step rabbit_mirror_queue_mode_nodes defined by app rabbit
2024-04-08 00:36:23.306364+00:00 [info] <0.248.0> Running boot step rabbit_priority_queue defined by app rabbit
2024-04-08 00:36:23.306379+00:00 [info] <0.248.0> Priority queues enabled, real BQ is rabbit_variable_queue
2024-04-08 00:36:23.306410+00:00 [info] <0.248.0> Running boot step rabbit_queue_location_client_local defined by app rabbit
2024-04-08 00:36:23.306437+00:00 [info] <0.248.0> Running boot step rabbit_queue_location_min_masters defined by app rabbit
2024-04-08 00:36:23.306465+00:00 [info] <0.248.0> Running boot step rabbit_queue_location_random defined by app rabbit
2024-04-08 00:36:23.306488+00:00 [info] <0.248.0> Running boot step kernel_ready defined by app rabbit
2024-04-08 00:36:23.306502+00:00 [info] <0.248.0> Running boot step rabbit_sysmon_minder defined by app rabbit
2024-04-08 00:36:23.306570+00:00 [info] <0.248.0> Running boot step rabbit_epmd_monitor defined by app rabbit
2024-04-08 00:36:23.307004+00:00 [info] <0.548.0> epmd monitor knows us, inter-node communication (distribution) port: 25672
2024-04-08 00:36:23.307046+00:00 [info] <0.248.0> Running boot step guid_generator defined by app rabbit
2024-04-08 00:36:23.307819+00:00 [info] <0.248.0> Running boot step rabbit_node_monitor defined by app rabbit
2024-04-08 00:36:23.307914+00:00 [info] <0.552.0> Starting rabbit_node_monitor (in ignore mode)
2024-04-08 00:36:23.307964+00:00 [info] <0.248.0> Running boot step delegate_sup defined by app rabbit
2024-04-08 00:36:23.308149+00:00 [info] <0.248.0> Running boot step rabbit_memory_monitor defined by app rabbit
2024-04-08 00:36:23.308248+00:00 [info] <0.248.0> Running boot step rabbit_fifo_dlx_sup defined by app rabbit
2024-04-08 00:36:23.308293+00:00 [info] <0.248.0> Running boot step core_initialized defined by app rabbit
2024-04-08 00:36:23.308302+00:00 [info] <0.248.0> Running boot step rabbit_channel_tracking_handler defined by app rabbit
2024-04-08 00:36:23.308352+00:00 [info] <0.248.0> Running boot step rabbit_connection_tracking_handler defined by app rabbit
2024-04-08 00:36:23.308377+00:00 [info] <0.248.0> Running boot step rabbit_definitions_hashing defined by app rabbit
2024-04-08 00:36:23.308401+00:00 [info] <0.248.0> Running boot step rabbit_exchange_parameters defined by app rabbit
2024-04-08 00:36:23.321964+00:00 [info] <0.248.0> Running boot step rabbit_mirror_queue_misc defined by app rabbit
2024-04-08 00:36:23.322212+00:00 [info] <0.248.0> Running boot step rabbit_policies defined by app rabbit
2024-04-08 00:36:23.322329+00:00 [info] <0.248.0> Running boot step rabbit_policy defined by app rabbit
2024-04-08 00:36:23.322352+00:00 [info] <0.248.0> Running boot step rabbit_queue_location_validator defined by app rabbit
2024-04-08 00:36:23.322375+00:00 [info] <0.248.0> Running boot step rabbit_quorum_memory_manager defined by app rabbit
2024-04-08 00:36:23.322397+00:00 [info] <0.248.0> Running boot step rabbit_quorum_queue defined by app rabbit
2024-04-08 00:36:23.322448+00:00 [info] <0.248.0> Running boot step rabbit_stream_coordinator defined by app rabbit
2024-04-08 00:36:23.322607+00:00 [info] <0.248.0> Running boot step rabbit_vhost_limit defined by app rabbit
2024-04-08 00:36:23.322655+00:00 [info] <0.248.0> Running boot step recovery defined by app rabbit
2024-04-08 00:36:23.329299+00:00 [info] <0.248.0> Running boot step empty_db_check defined by app rabbit
2024-04-08 00:36:23.329328+00:00 [info] <0.248.0> Will seed default virtual host and user...
2024-04-08 00:36:23.329364+00:00 [info] <0.248.0> Adding vhost '/' (description: 'Default virtual host', tags: [])
2024-04-08 00:36:23.329896+00:00 [info] <0.248.0> Inserted a virtual host record {vhost,<<"/">>,[],
2024-04-08 00:36:23.329896+00:00 [info] <0.248.0>                                       #{description =>
2024-04-08 00:36:23.329896+00:00 [info] <0.248.0>                                             <<"Default virtual host">>,
2024-04-08 00:36:23.329896+00:00 [info] <0.248.0>                                         tags => []}}
2024-04-08 00:36:23.332145+00:00 [info] <0.595.0> Making sure data directory '/var/lib/rabbitmq/mnesia/rabbit@94475f3e0f21/msg_stores/vhosts/628WB79CIFDYO9LJI6DKMI09L' for vhost '/' exists
2024-04-08 00:36:23.333502+00:00 [info] <0.595.0> Setting segment_entry_count for vhost '/' with 0 queues to '2048'
2024-04-08 00:36:23.338258+00:00 [info] <0.595.0> Starting message stores for vhost '/'
2024-04-08 00:36:23.341226+00:00 [info] <0.605.0> Message store "628WB79CIFDYO9LJI6DKMI09L/msg_store_transient": using rabbit_msg_store_ets_index to provide index
2024-04-08 00:36:23.342633+00:00 [info] <0.595.0> Started message store of type transient for vhost '/'
2024-04-08 00:36:23.342709+00:00 [info] <0.609.0> Message store "628WB79CIFDYO9LJI6DKMI09L/msg_store_persistent": using rabbit_msg_store_ets_index to provide index
2024-04-08 00:36:23.343174+00:00 [warning] <0.609.0> Message store "628WB79CIFDYO9LJI6DKMI09L/msg_store_persistent": rebuilding indices from scratch
2024-04-08 00:36:23.343972+00:00 [info] <0.595.0> Started message store of type persistent for vhost '/'
2024-04-08 00:36:23.344037+00:00 [info] <0.595.0> Recovering 0 queues of type rabbit_classic_queue took 10ms
2024-04-08 00:36:23.344057+00:00 [info] <0.595.0> Recovering 0 queues of type rabbit_quorum_queue took 0ms
2024-04-08 00:36:23.344088+00:00 [info] <0.595.0> Recovering 0 queues of type rabbit_stream_queue took 0ms
2024-04-08 00:36:23.345084+00:00 [info] <0.248.0> Created user 'admin'
2024-04-08 00:36:23.345367+00:00 [info] <0.248.0> Successfully set user tags for user 'admin' to [administrator]
2024-04-08 00:36:23.345724+00:00 [info] <0.248.0> Successfully set permissions for user 'admin' in virtual host '/' to '.*', '.*', '.*'
2024-04-08 00:36:23.345742+00:00 [info] <0.248.0> Running boot step rabbit_observer_cli defined by app rabbit
2024-04-08 00:36:23.345792+00:00 [info] <0.248.0> Running boot step rabbit_looking_glass defined by app rabbit
2024-04-08 00:36:23.345810+00:00 [info] <0.248.0> Running boot step rabbit_core_metrics_gc defined by app rabbit
2024-04-08 00:36:23.345883+00:00 [info] <0.248.0> Running boot step background_gc defined by app rabbit
2024-04-08 00:36:23.345944+00:00 [info] <0.248.0> Running boot step routing_ready defined by app rabbit
2024-04-08 00:36:23.345953+00:00 [info] <0.248.0> Running boot step pre_flight defined by app rabbit
2024-04-08 00:36:23.345970+00:00 [info] <0.248.0> Running boot step notify_cluster defined by app rabbit
2024-04-08 00:36:23.345995+00:00 [info] <0.248.0> Running boot step networking defined by app rabbit
2024-04-08 00:36:23.346003+00:00 [info] <0.248.0> Running boot step rabbit_quorum_queue_periodic_membership_reconciliation defined by app rabbit
2024-04-08 00:36:23.346103+00:00 [info] <0.248.0> Running boot step definition_import_worker_pool defined by app rabbit
2024-04-08 00:36:23.346133+00:00 [info] <0.308.0> Starting worker pool 'definition_import_pool' with 8 processes in it
2024-04-08 00:36:23.346358+00:00 [info] <0.248.0> Running boot step cluster_name defined by app rabbit
2024-04-08 00:36:23.346397+00:00 [info] <0.248.0> Initialising internal cluster ID to 'rabbitmq-cluster-id-eAQ9lJy3XXbY9vX563_A3w'
2024-04-08 00:36:23.346752+00:00 [info] <0.248.0> Running boot step direct_client defined by app rabbit
2024-04-08 00:36:23.346835+00:00 [info] <0.650.0> Resetting node maintenance status
2024-04-08 00:36:23.346888+00:00 [info] <0.650.0> Ready to start client connection listeners
2024-04-08 00:36:23.359146+00:00 [info] <0.668.0> started TCP listener on [::]:5672
2024-04-08 00:36:23.426301+00:00 [info] <0.650.0> Server startup complete; 0 plugins started.
2024-04-08 00:36:23.552361+00:00 [info] <0.9.0> Time to start RabbitMQ: 2388 ms
2024-04-08 00:36:34.840326+00:00 [info] <0.672.0> accepting AMQP connection <0.672.0> (192.168.65.1:49723 -> 172.21.0.2:5672)
2024-04-08 00:36:34.863656+00:00 [info] <0.672.0> connection <0.672.0> (192.168.65.1:49723 -> 172.21.0.2:5672) has a client-provided name: rabbitConnectionFactory#1f3f434:0
2024-04-08 00:36:34.865465+00:00 [info] <0.672.0> connection <0.672.0> (192.168.65.1:49723 -> 172.21.0.2:5672 - rabbitConnectionFactory#1f3f434:0): user 'admin' authenticated and granted access to vhost '/'
2024-04-08 00:36:34.887955+00:00 [error] <0.682.0> Channel error on connection <0.672.0> (192.168.65.1:49723 -> 172.21.0.2:5672, vhost: '/', user: 'admin'), channel 1:
2024-04-08 00:36:34.887955+00:00 [error] <0.682.0> operation queue.declare caused a channel exception not_found: no queue 'demo_queue' in vhost '/'
2024-04-08 00:36:39.898962+00:00 [error] <0.689.0> Channel error on connection <0.672.0> (192.168.65.1:49723 -> 172.21.0.2:5672, vhost: '/', user: 'admin'), channel 1:
2024-04-08 00:36:39.898962+00:00 [error] <0.689.0> operation queue.declare caused a channel exception not_found: no queue 'demo_queue' in vhost '/'
2024-04-08 00:36:44.911863+00:00 [error] <0.696.0> Channel error on connection <0.672.0> (192.168.65.1:49723 -> 172.21.0.2:5672, vhost: '/', user: 'admin'), channel 1:
2024-04-08 00:36:44.911863+00:00 [error] <0.696.0> operation queue.declare caused a channel exception not_found: no queue 'demo_queue' in vhost '/'
2024-04-08 00:36:49.925254+00:00 [error] <0.703.0> Channel error on connection <0.672.0> (192.168.65.1:49723 -> 172.21.0.2:5672, vhost: '/', user: 'admin'), channel 1:
2024-04-08 00:36:49.925254+00:00 [error] <0.703.0> operation queue.declare caused a channel exception not_found: no queue 'demo_queue' in vhost '/'
2024-04-08 00:36:49.961091+00:00 [info] <0.672.0> closing AMQP connection <0.672.0> (192.168.65.1:49723 -> 172.21.0.2:5672 - rabbitConnectionFactory#1f3f434:0, vhost: '/', user: 'admin')
2024-04-08 00:38:10.317368+00:00 [notice] <0.64.0> SIGTERM received - shutting down
2024-04-08 00:38:10.317368+00:00 [notice] <0.64.0> 
2024-04-08 00:38:10.320895+00:00 [info] <0.668.0> stopped TCP listener on [::]:5672
2024-04-08 00:38:10.322310+00:00 [info] <0.736.0> Closing all connections in vhost '/' on node 'rabbit@94475f3e0f21' because the vhost is stopping
2024-04-08 00:38:10.322519+00:00 [info] <0.609.0> Stopping message store for directory '/var/lib/rabbitmq/mnesia/rabbit@94475f3e0f21/msg_stores/vhosts/628WB79CIFDYO9LJI6DKMI09L/msg_store_persistent'
2024-04-08 00:38:10.334256+00:00 [info] <0.609.0> Message store for directory '/var/lib/rabbitmq/mnesia/rabbit@94475f3e0f21/msg_stores/vhosts/628WB79CIFDYO9LJI6DKMI09L/msg_store_persistent' is stopped
2024-04-08 00:38:10.334421+00:00 [info] <0.605.0> Stopping message store for directory '/var/lib/rabbitmq/mnesia/rabbit@94475f3e0f21/msg_stores/vhosts/628WB79CIFDYO9LJI6DKMI09L/msg_store_transient'
2024-04-08 00:38:10.338939+00:00 [info] <0.605.0> Message store for directory '/var/lib/rabbitmq/mnesia/rabbit@94475f3e0f21/msg_stores/vhosts/628WB79CIFDYO9LJI6DKMI09L/msg_store_transient' is stopped
