2024-04-08 00:40:06.303116+00:00 [notice] <0.248.0> Logging: configured log handlers are now ACTIVE
2024-04-08 00:40:06.308892+00:00 [info] <0.248.0> ra: starting system quorum_queues
2024-04-08 00:40:06.308918+00:00 [info] <0.248.0> starting Ra system: quorum_queues in directory: /var/lib/rabbitmq/mnesia/rabbit@29ea00f246a2/quorum/rabbit@29ea00f246a2
2024-04-08 00:40:06.348469+00:00 [info] <0.263.0> ra system 'quorum_queues' running pre init for 0 registered servers
2024-04-08 00:40:06.355860+00:00 [info] <0.264.0> ra: meta data store initialised for system quorum_queues. 0 record(s) recovered
2024-04-08 00:40:06.364710+00:00 [notice] <0.269.0> WAL: ra_log_wal init, open tbls: ra_log_open_mem_tables, closed tbls: ra_log_closed_mem_tables
2024-04-08 00:40:06.369639+00:00 [info] <0.248.0> ra: starting system coordination
2024-04-08 00:40:06.369657+00:00 [info] <0.248.0> starting Ra system: coordination in directory: /var/lib/rabbitmq/mnesia/rabbit@29ea00f246a2/coordination/rabbit@29ea00f246a2
2024-04-08 00:40:06.371686+00:00 [info] <0.276.0> ra system 'coordination' running pre init for 0 registered servers
2024-04-08 00:40:06.372886+00:00 [info] <0.277.0> ra: meta data store initialised for system coordination. 0 record(s) recovered
2024-04-08 00:40:06.372947+00:00 [notice] <0.282.0> WAL: ra_coordination_log_wal init, open tbls: ra_coordination_log_open_mem_tables, closed tbls: ra_coordination_log_closed_mem_tables
2024-04-08 00:40:06.374425+00:00 [info] <0.248.0> ra: starting system coordination
2024-04-08 00:40:06.374441+00:00 [info] <0.248.0> starting Ra system: coordination in directory: /var/lib/rabbitmq/mnesia/rabbit@29ea00f246a2/coordination/rabbit@29ea00f246a2
2024-04-08 00:40:06.424196+00:00 [info] <0.248.0> Waiting for Khepri leader for 30000 ms, 9 retries left
2024-04-08 00:40:06.425935+00:00 [notice] <0.285.0> RabbitMQ metadata store: candidate -> leader in term: 1 machine version: 0
2024-04-08 00:40:06.432196+00:00 [info] <0.248.0> Khepri leader elected
2024-04-08 00:40:06.595698+00:00 [info] <0.248.0> 
2024-04-08 00:40:06.595698+00:00 [info] <0.248.0>  Starting RabbitMQ 3.13.1 on Erlang 26.2.2 [jit]
2024-04-08 00:40:06.595698+00:00 [info] <0.248.0>  Copyright (c) 2007-2024 Broadcom Inc and/or its subsidiaries
2024-04-08 00:40:06.595698+00:00 [info] <0.248.0>  Licensed under the MPL 2.0. Website: https://rabbitmq.com
2024-04-08 00:40:06.596704+00:00 [info] <0.248.0> 
2024-04-08 00:40:06.596704+00:00 [info] <0.248.0>  node           : rabbit@29ea00f246a2
2024-04-08 00:40:06.596704+00:00 [info] <0.248.0>  home dir       : /var/lib/rabbitmq
2024-04-08 00:40:06.596704+00:00 [info] <0.248.0>  config file(s) : (none)
2024-04-08 00:40:06.596704+00:00 [info] <0.248.0>  cookie hash    : h3mEYi6hOdL2TrbVlJp9dw==
2024-04-08 00:40:06.596704+00:00 [info] <0.248.0>  log(s)         : /var/log/rabbitmq/rabbit@29ea00f246a2.log
2024-04-08 00:40:06.596704+00:00 [info] <0.248.0>                 : <stdout>
2024-04-08 00:40:06.596704+00:00 [info] <0.248.0>  data dir       : /var/lib/rabbitmq/mnesia/rabbit@29ea00f246a2
2024-04-08 00:40:06.642772+00:00 [info] <0.248.0> Running boot step pre_boot defined by app rabbit
2024-04-08 00:40:06.642800+00:00 [info] <0.248.0> Running boot step rabbit_global_counters defined by app rabbit
2024-04-08 00:40:06.642906+00:00 [info] <0.248.0> Running boot step rabbit_osiris_metrics defined by app rabbit
2024-04-08 00:40:06.642954+00:00 [info] <0.248.0> Running boot step rabbit_core_metrics defined by app rabbit
2024-04-08 00:40:06.643181+00:00 [info] <0.248.0> Running boot step rabbit_alarm defined by app rabbit
2024-04-08 00:40:06.649367+00:00 [info] <0.321.0> Memory high watermark set to 3136 MiB (3288881561 bytes) of 7841 MiB (8222203904 bytes) total
2024-04-08 00:40:06.651088+00:00 [info] <0.323.0> Enabling free disk space monitoring (disk free space: 343655260160, total memory: 8222203904)
2024-04-08 00:40:06.651114+00:00 [info] <0.323.0> Disk free limit set to 50MB
2024-04-08 00:40:06.652118+00:00 [info] <0.248.0> Running boot step code_server_cache defined by app rabbit
2024-04-08 00:40:06.652164+00:00 [info] <0.248.0> Running boot step file_handle_cache defined by app rabbit
2024-04-08 00:40:06.656473+00:00 [info] <0.326.0> Limiting to approx 1048479 file handles (943629 sockets)
2024-04-08 00:40:06.656524+00:00 [info] <0.327.0> FHC read buffering: OFF
2024-04-08 00:40:06.656537+00:00 [info] <0.327.0> FHC write buffering: ON
2024-04-08 00:40:06.656795+00:00 [info] <0.248.0> Running boot step worker_pool defined by app rabbit
2024-04-08 00:40:06.656821+00:00 [info] <0.308.0> Will use 8 processes for default worker pool
2024-04-08 00:40:06.656834+00:00 [info] <0.308.0> Starting worker pool 'worker_pool' with 8 processes in it
2024-04-08 00:40:06.657027+00:00 [info] <0.248.0> Running boot step database defined by app rabbit
2024-04-08 00:40:06.657510+00:00 [info] <0.248.0> Peer discovery: configured backend: rabbit_peer_discovery_classic_config
2024-04-08 00:40:06.658413+00:00 [notice] <0.309.0> Feature flags: attempt to enable `quorum_queue_non_voters`...
2024-04-08 00:40:06.694281+00:00 [notice] <0.309.0> Feature flags: `quorum_queue_non_voters` enabled
2024-04-08 00:40:06.694348+00:00 [notice] <0.309.0> Feature flags: attempt to enable `stream_update_config_command`...
2024-04-08 00:40:06.730772+00:00 [notice] <0.309.0> Feature flags: `stream_update_config_command` enabled
2024-04-08 00:40:06.730902+00:00 [notice] <0.309.0> Feature flags: attempt to enable `stream_filtering`...
2024-04-08 00:40:06.766478+00:00 [notice] <0.309.0> Feature flags: `stream_filtering` enabled
2024-04-08 00:40:06.766548+00:00 [notice] <0.309.0> Feature flags: attempt to enable `stream_sac_coordinator_unblock_group`...
2024-04-08 00:40:06.802797+00:00 [notice] <0.309.0> Feature flags: `stream_sac_coordinator_unblock_group` enabled
2024-04-08 00:40:06.802871+00:00 [notice] <0.309.0> Feature flags: attempt to enable `restart_streams`...
2024-04-08 00:40:06.838247+00:00 [notice] <0.309.0> Feature flags: `restart_streams` enabled
2024-04-08 00:40:06.838341+00:00 [notice] <0.309.0> Feature flags: attempt to enable `message_containers`...
2024-04-08 00:40:06.874440+00:00 [notice] <0.309.0> Feature flags: `message_containers` enabled
2024-04-08 00:40:06.874630+00:00 [info] <0.248.0> DB: virgin node -> run peer discovery
2024-04-08 00:40:06.881617+00:00 [notice] <0.44.0> Application mnesia exited with reason: stopped
2024-04-08 00:40:06.982086+00:00 [info] <0.248.0> Waiting for Mnesia tables for 30000 ms, 9 retries left
2024-04-08 00:40:06.982147+00:00 [info] <0.248.0> Successfully synced tables from a peer
2024-04-08 00:40:06.982199+00:00 [info] <0.248.0> Waiting for Mnesia tables for 30000 ms, 9 retries left
2024-04-08 00:40:06.982239+00:00 [info] <0.248.0> Successfully synced tables from a peer
2024-04-08 00:40:06.984250+00:00 [info] <0.248.0> Waiting for Mnesia tables for 30000 ms, 9 retries left
2024-04-08 00:40:06.984311+00:00 [info] <0.248.0> Successfully synced tables from a peer
2024-04-08 00:40:06.984386+00:00 [info] <0.248.0> Running boot step tracking_metadata_store defined by app rabbit
2024-04-08 00:40:06.984420+00:00 [info] <0.540.0> Setting up a table for connection tracking on this node: tracked_connection
2024-04-08 00:40:06.984442+00:00 [info] <0.540.0> Setting up a table for per-vhost connection counting on this node: tracked_connection_per_vhost
2024-04-08 00:40:06.984485+00:00 [info] <0.540.0> Setting up a table for per-user connection counting on this node: tracked_connection_per_user
2024-04-08 00:40:06.984512+00:00 [info] <0.540.0> Setting up a table for channel tracking on this node: tracked_channel
2024-04-08 00:40:06.984541+00:00 [info] <0.540.0> Setting up a table for channel tracking on this node: tracked_channel_per_user
2024-04-08 00:40:06.984565+00:00 [info] <0.248.0> Running boot step networking_metadata_store defined by app rabbit
2024-04-08 00:40:06.984619+00:00 [info] <0.248.0> Running boot step feature_flags defined by app rabbit
2024-04-08 00:40:06.984667+00:00 [info] <0.248.0> Running boot step codec_correctness_check defined by app rabbit
2024-04-08 00:40:06.984715+00:00 [info] <0.248.0> Running boot step external_infrastructure defined by app rabbit
2024-04-08 00:40:06.984749+00:00 [info] <0.248.0> Running boot step rabbit_event defined by app rabbit
2024-04-08 00:40:06.984853+00:00 [info] <0.248.0> Running boot step rabbit_registry defined by app rabbit
2024-04-08 00:40:06.984906+00:00 [info] <0.248.0> Running boot step rabbit_auth_mechanism_amqplain defined by app rabbit
2024-04-08 00:40:06.984942+00:00 [info] <0.248.0> Running boot step rabbit_auth_mechanism_cr_demo defined by app rabbit
2024-04-08 00:40:06.984981+00:00 [info] <0.248.0> Running boot step rabbit_auth_mechanism_plain defined by app rabbit
2024-04-08 00:40:06.985006+00:00 [info] <0.248.0> Running boot step rabbit_exchange_type_direct defined by app rabbit
2024-04-08 00:40:06.985037+00:00 [info] <0.248.0> Running boot step rabbit_exchange_type_fanout defined by app rabbit
2024-04-08 00:40:06.985059+00:00 [info] <0.248.0> Running boot step rabbit_exchange_type_headers defined by app rabbit
2024-04-08 00:40:06.985083+00:00 [info] <0.248.0> Running boot step rabbit_exchange_type_topic defined by app rabbit
2024-04-08 00:40:06.985118+00:00 [info] <0.248.0> Running boot step rabbit_mirror_queue_mode_all defined by app rabbit
2024-04-08 00:40:06.985150+00:00 [info] <0.248.0> Running boot step rabbit_mirror_queue_mode_exactly defined by app rabbit
2024-04-08 00:40:06.985172+00:00 [info] <0.248.0> Running boot step rabbit_mirror_queue_mode_nodes defined by app rabbit
2024-04-08 00:40:06.985199+00:00 [info] <0.248.0> Running boot step rabbit_priority_queue defined by app rabbit
2024-04-08 00:40:06.985221+00:00 [info] <0.248.0> Priority queues enabled, real BQ is rabbit_variable_queue
2024-04-08 00:40:06.985243+00:00 [info] <0.248.0> Running boot step rabbit_queue_location_client_local defined by app rabbit
2024-04-08 00:40:06.985269+00:00 [info] <0.248.0> Running boot step rabbit_queue_location_min_masters defined by app rabbit
2024-04-08 00:40:06.985294+00:00 [info] <0.248.0> Running boot step rabbit_queue_location_random defined by app rabbit
2024-04-08 00:40:06.985313+00:00 [info] <0.248.0> Running boot step kernel_ready defined by app rabbit
2024-04-08 00:40:06.985327+00:00 [info] <0.248.0> Running boot step rabbit_sysmon_minder defined by app rabbit
2024-04-08 00:40:06.985406+00:00 [info] <0.248.0> Running boot step rabbit_epmd_monitor defined by app rabbit
2024-04-08 00:40:06.985843+00:00 [info] <0.548.0> epmd monitor knows us, inter-node communication (distribution) port: 25672
2024-04-08 00:40:06.985882+00:00 [info] <0.248.0> Running boot step guid_generator defined by app rabbit
2024-04-08 00:40:06.986657+00:00 [info] <0.248.0> Running boot step rabbit_node_monitor defined by app rabbit
2024-04-08 00:40:06.986762+00:00 [info] <0.552.0> Starting rabbit_node_monitor (in ignore mode)
2024-04-08 00:40:06.986817+00:00 [info] <0.248.0> Running boot step delegate_sup defined by app rabbit
2024-04-08 00:40:06.987039+00:00 [info] <0.248.0> Running boot step rabbit_memory_monitor defined by app rabbit
2024-04-08 00:40:06.987139+00:00 [info] <0.248.0> Running boot step rabbit_fifo_dlx_sup defined by app rabbit
2024-04-08 00:40:06.987179+00:00 [info] <0.248.0> Running boot step core_initialized defined by app rabbit
2024-04-08 00:40:06.987199+00:00 [info] <0.248.0> Running boot step rabbit_channel_tracking_handler defined by app rabbit
2024-04-08 00:40:06.987246+00:00 [info] <0.248.0> Running boot step rabbit_connection_tracking_handler defined by app rabbit
2024-04-08 00:40:06.987276+00:00 [info] <0.248.0> Running boot step rabbit_definitions_hashing defined by app rabbit
2024-04-08 00:40:06.987322+00:00 [info] <0.248.0> Running boot step rabbit_exchange_parameters defined by app rabbit
2024-04-08 00:40:07.000604+00:00 [info] <0.248.0> Running boot step rabbit_mirror_queue_misc defined by app rabbit
2024-04-08 00:40:07.000859+00:00 [info] <0.248.0> Running boot step rabbit_policies defined by app rabbit
2024-04-08 00:40:07.000987+00:00 [info] <0.248.0> Running boot step rabbit_policy defined by app rabbit
2024-04-08 00:40:07.001008+00:00 [info] <0.248.0> Running boot step rabbit_queue_location_validator defined by app rabbit
2024-04-08 00:40:07.001042+00:00 [info] <0.248.0> Running boot step rabbit_quorum_memory_manager defined by app rabbit
2024-04-08 00:40:07.001063+00:00 [info] <0.248.0> Running boot step rabbit_quorum_queue defined by app rabbit
2024-04-08 00:40:07.001096+00:00 [info] <0.248.0> Running boot step rabbit_stream_coordinator defined by app rabbit
2024-04-08 00:40:07.001530+00:00 [info] <0.248.0> Running boot step rabbit_vhost_limit defined by app rabbit
2024-04-08 00:40:07.001582+00:00 [info] <0.248.0> Running boot step recovery defined by app rabbit
2024-04-08 00:40:07.008974+00:00 [info] <0.248.0> Running boot step empty_db_check defined by app rabbit
2024-04-08 00:40:07.009013+00:00 [info] <0.248.0> Will seed default virtual host and user...
2024-04-08 00:40:07.009047+00:00 [info] <0.248.0> Adding vhost '/' (description: 'Default virtual host', tags: [])
2024-04-08 00:40:07.009545+00:00 [info] <0.248.0> Inserted a virtual host record {vhost,<<"/">>,[],
2024-04-08 00:40:07.009545+00:00 [info] <0.248.0>                                       #{description =>
2024-04-08 00:40:07.009545+00:00 [info] <0.248.0>                                             <<"Default virtual host">>,
2024-04-08 00:40:07.009545+00:00 [info] <0.248.0>                                         tags => []}}
2024-04-08 00:40:07.011751+00:00 [info] <0.595.0> Making sure data directory '/var/lib/rabbitmq/mnesia/rabbit@29ea00f246a2/msg_stores/vhosts/628WB79CIFDYO9LJI6DKMI09L' for vhost '/' exists
2024-04-08 00:40:07.013138+00:00 [info] <0.595.0> Setting segment_entry_count for vhost '/' with 0 queues to '2048'
2024-04-08 00:40:07.018249+00:00 [info] <0.595.0> Starting message stores for vhost '/'
2024-04-08 00:40:07.021178+00:00 [info] <0.605.0> Message store "628WB79CIFDYO9LJI6DKMI09L/msg_store_transient": using rabbit_msg_store_ets_index to provide index
2024-04-08 00:40:07.022518+00:00 [info] <0.595.0> Started message store of type transient for vhost '/'
2024-04-08 00:40:07.022584+00:00 [info] <0.609.0> Message store "628WB79CIFDYO9LJI6DKMI09L/msg_store_persistent": using rabbit_msg_store_ets_index to provide index
2024-04-08 00:40:07.023000+00:00 [warning] <0.609.0> Message store "628WB79CIFDYO9LJI6DKMI09L/msg_store_persistent": rebuilding indices from scratch
2024-04-08 00:40:07.023742+00:00 [info] <0.595.0> Started message store of type persistent for vhost '/'
2024-04-08 00:40:07.023802+00:00 [info] <0.595.0> Recovering 0 queues of type rabbit_classic_queue took 10ms
2024-04-08 00:40:07.023820+00:00 [info] <0.595.0> Recovering 0 queues of type rabbit_quorum_queue took 0ms
2024-04-08 00:40:07.023842+00:00 [info] <0.595.0> Recovering 0 queues of type rabbit_stream_queue took 0ms
2024-04-08 00:40:07.024760+00:00 [info] <0.248.0> Created user 'admin'
2024-04-08 00:40:07.025524+00:00 [info] <0.248.0> Successfully set user tags for user 'admin' to [administrator]
2024-04-08 00:40:07.025837+00:00 [info] <0.248.0> Successfully set permissions for user 'admin' in virtual host '/' to '.*', '.*', '.*'
2024-04-08 00:40:07.025856+00:00 [info] <0.248.0> Running boot step rabbit_observer_cli defined by app rabbit
2024-04-08 00:40:07.025908+00:00 [info] <0.248.0> Running boot step rabbit_looking_glass defined by app rabbit
2024-04-08 00:40:07.025932+00:00 [info] <0.248.0> Running boot step rabbit_core_metrics_gc defined by app rabbit
2024-04-08 00:40:07.026000+00:00 [info] <0.248.0> Running boot step background_gc defined by app rabbit
2024-04-08 00:40:07.026068+00:00 [info] <0.248.0> Running boot step routing_ready defined by app rabbit
2024-04-08 00:40:07.026083+00:00 [info] <0.248.0> Running boot step pre_flight defined by app rabbit
2024-04-08 00:40:07.026108+00:00 [info] <0.248.0> Running boot step notify_cluster defined by app rabbit
2024-04-08 00:40:07.026135+00:00 [info] <0.248.0> Running boot step networking defined by app rabbit
2024-04-08 00:40:07.026189+00:00 [info] <0.248.0> Running boot step rabbit_quorum_queue_periodic_membership_reconciliation defined by app rabbit
2024-04-08 00:40:07.026303+00:00 [info] <0.248.0> Running boot step definition_import_worker_pool defined by app rabbit
2024-04-08 00:40:07.026319+00:00 [info] <0.308.0> Starting worker pool 'definition_import_pool' with 8 processes in it
2024-04-08 00:40:07.026554+00:00 [info] <0.248.0> Running boot step cluster_name defined by app rabbit
2024-04-08 00:40:07.026588+00:00 [info] <0.248.0> Initialising internal cluster ID to 'rabbitmq-cluster-id-KbTb6NgV6Pab9BH4_vPtUQ'
2024-04-08 00:40:07.026918+00:00 [info] <0.248.0> Running boot step direct_client defined by app rabbit
2024-04-08 00:40:07.026989+00:00 [info] <0.650.0> Resetting node maintenance status
2024-04-08 00:40:07.027048+00:00 [info] <0.650.0> Ready to start client connection listeners
2024-04-08 00:40:07.041200+00:00 [info] <0.668.0> started TCP listener on [::]:5672
2024-04-08 00:40:07.111817+00:00 [info] <0.650.0> Server startup complete; 0 plugins started.
2024-04-08 00:40:07.233331+00:00 [info] <0.9.0> Time to start RabbitMQ: 2413 ms
2024-04-08 00:40:33.798790+00:00 [notice] <0.64.0> SIGTERM received - shutting down
2024-04-08 00:40:33.798790+00:00 [notice] <0.64.0> 
2024-04-08 00:40:33.801523+00:00 [info] <0.668.0> stopped TCP listener on [::]:5672
2024-04-08 00:40:33.804660+00:00 [info] <0.672.0> Closing all connections in vhost '/' on node 'rabbit@29ea00f246a2' because the vhost is stopping
2024-04-08 00:40:33.804830+00:00 [info] <0.609.0> Stopping message store for directory '/var/lib/rabbitmq/mnesia/rabbit@29ea00f246a2/msg_stores/vhosts/628WB79CIFDYO9LJI6DKMI09L/msg_store_persistent'
2024-04-08 00:40:33.813845+00:00 [info] <0.609.0> Message store for directory '/var/lib/rabbitmq/mnesia/rabbit@29ea00f246a2/msg_stores/vhosts/628WB79CIFDYO9LJI6DKMI09L/msg_store_persistent' is stopped
2024-04-08 00:40:33.813952+00:00 [info] <0.605.0> Stopping message store for directory '/var/lib/rabbitmq/mnesia/rabbit@29ea00f246a2/msg_stores/vhosts/628WB79CIFDYO9LJI6DKMI09L/msg_store_transient'
2024-04-08 00:40:33.819145+00:00 [info] <0.605.0> Message store for directory '/var/lib/rabbitmq/mnesia/rabbit@29ea00f246a2/msg_stores/vhosts/628WB79CIFDYO9LJI6DKMI09L/msg_store_transient' is stopped
