2024-04-08 00:40:39.722197+00:00 [notice] <0.248.0> Logging: configured log handlers are now ACTIVE
2024-04-08 00:40:39.728186+00:00 [info] <0.248.0> ra: starting system quorum_queues
2024-04-08 00:40:39.728210+00:00 [info] <0.248.0> starting Ra system: quorum_queues in directory: /var/lib/rabbitmq/mnesia/rabbit@08dd8a3024d1/quorum/rabbit@08dd8a3024d1
2024-04-08 00:40:39.768666+00:00 [info] <0.263.0> ra system 'quorum_queues' running pre init for 0 registered servers
2024-04-08 00:40:39.776195+00:00 [info] <0.264.0> ra: meta data store initialised for system quorum_queues. 0 record(s) recovered
2024-04-08 00:40:39.784994+00:00 [notice] <0.269.0> WAL: ra_log_wal init, open tbls: ra_log_open_mem_tables, closed tbls: ra_log_closed_mem_tables
2024-04-08 00:40:39.789940+00:00 [info] <0.248.0> ra: starting system coordination
2024-04-08 00:40:39.789958+00:00 [info] <0.248.0> starting Ra system: coordination in directory: /var/lib/rabbitmq/mnesia/rabbit@08dd8a3024d1/coordination/rabbit@08dd8a3024d1
2024-04-08 00:40:39.791986+00:00 [info] <0.276.0> ra system 'coordination' running pre init for 0 registered servers
2024-04-08 00:40:39.793175+00:00 [info] <0.277.0> ra: meta data store initialised for system coordination. 0 record(s) recovered
2024-04-08 00:40:39.793240+00:00 [notice] <0.282.0> WAL: ra_coordination_log_wal init, open tbls: ra_coordination_log_open_mem_tables, closed tbls: ra_coordination_log_closed_mem_tables
2024-04-08 00:40:39.794719+00:00 [info] <0.248.0> ra: starting system coordination
2024-04-08 00:40:39.794736+00:00 [info] <0.248.0> starting Ra system: coordination in directory: /var/lib/rabbitmq/mnesia/rabbit@08dd8a3024d1/coordination/rabbit@08dd8a3024d1
2024-04-08 00:40:39.844188+00:00 [info] <0.248.0> Waiting for Khepri leader for 30000 ms, 9 retries left
2024-04-08 00:40:39.845735+00:00 [notice] <0.285.0> RabbitMQ metadata store: candidate -> leader in term: 1 machine version: 0
2024-04-08 00:40:39.852203+00:00 [info] <0.248.0> Khepri leader elected
2024-04-08 00:40:40.026239+00:00 [info] <0.248.0> 
2024-04-08 00:40:40.026239+00:00 [info] <0.248.0>  Starting RabbitMQ 3.13.1 on Erlang 26.2.2 [jit]
2024-04-08 00:40:40.026239+00:00 [info] <0.248.0>  Copyright (c) 2007-2024 Broadcom Inc and/or its subsidiaries
2024-04-08 00:40:40.026239+00:00 [info] <0.248.0>  Licensed under the MPL 2.0. Website: https://rabbitmq.com
2024-04-08 00:40:40.027051+00:00 [info] <0.248.0> 
2024-04-08 00:40:40.027051+00:00 [info] <0.248.0>  node           : rabbit@08dd8a3024d1
2024-04-08 00:40:40.027051+00:00 [info] <0.248.0>  home dir       : /var/lib/rabbitmq
2024-04-08 00:40:40.027051+00:00 [info] <0.248.0>  config file(s) : (none)
2024-04-08 00:40:40.027051+00:00 [info] <0.248.0>  cookie hash    : h3mEYi6hOdL2TrbVlJp9dw==
2024-04-08 00:40:40.027051+00:00 [info] <0.248.0>  log(s)         : /var/log/rabbitmq/rabbit@08dd8a3024d1.log
2024-04-08 00:40:40.027051+00:00 [info] <0.248.0>                 : <stdout>
2024-04-08 00:40:40.027051+00:00 [info] <0.248.0>  data dir       : /var/lib/rabbitmq/mnesia/rabbit@08dd8a3024d1
2024-04-08 00:40:40.073208+00:00 [info] <0.248.0> Running boot step pre_boot defined by app rabbit
2024-04-08 00:40:40.073234+00:00 [info] <0.248.0> Running boot step rabbit_global_counters defined by app rabbit
2024-04-08 00:40:40.073395+00:00 [info] <0.248.0> Running boot step rabbit_osiris_metrics defined by app rabbit
2024-04-08 00:40:40.073439+00:00 [info] <0.248.0> Running boot step rabbit_core_metrics defined by app rabbit
2024-04-08 00:40:40.073686+00:00 [info] <0.248.0> Running boot step rabbit_alarm defined by app rabbit
2024-04-08 00:40:40.079505+00:00 [info] <0.321.0> Memory high watermark set to 3136 MiB (3288881561 bytes) of 7841 MiB (8222203904 bytes) total
2024-04-08 00:40:40.081238+00:00 [info] <0.323.0> Enabling free disk space monitoring (disk free space: 343654838272, total memory: 8222203904)
2024-04-08 00:40:40.081265+00:00 [info] <0.323.0> Disk free limit set to 50MB
2024-04-08 00:40:40.082151+00:00 [info] <0.248.0> Running boot step code_server_cache defined by app rabbit
2024-04-08 00:40:40.082192+00:00 [info] <0.248.0> Running boot step file_handle_cache defined by app rabbit
2024-04-08 00:40:40.086388+00:00 [info] <0.326.0> Limiting to approx 1048479 file handles (943629 sockets)
2024-04-08 00:40:40.086438+00:00 [info] <0.327.0> FHC read buffering: OFF
2024-04-08 00:40:40.086452+00:00 [info] <0.327.0> FHC write buffering: ON
2024-04-08 00:40:40.086704+00:00 [info] <0.248.0> Running boot step worker_pool defined by app rabbit
2024-04-08 00:40:40.086734+00:00 [info] <0.308.0> Will use 8 processes for default worker pool
2024-04-08 00:40:40.086758+00:00 [info] <0.308.0> Starting worker pool 'worker_pool' with 8 processes in it
2024-04-08 00:40:40.086952+00:00 [info] <0.248.0> Running boot step database defined by app rabbit
2024-04-08 00:40:40.087434+00:00 [info] <0.248.0> Peer discovery: configured backend: rabbit_peer_discovery_classic_config
2024-04-08 00:40:40.088324+00:00 [notice] <0.309.0> Feature flags: attempt to enable `quorum_queue_non_voters`...
2024-04-08 00:40:40.123932+00:00 [notice] <0.309.0> Feature flags: `quorum_queue_non_voters` enabled
2024-04-08 00:40:40.124090+00:00 [notice] <0.309.0> Feature flags: attempt to enable `stream_update_config_command`...
2024-04-08 00:40:40.159906+00:00 [notice] <0.309.0> Feature flags: `stream_update_config_command` enabled
2024-04-08 00:40:40.160053+00:00 [notice] <0.309.0> Feature flags: attempt to enable `stream_filtering`...
2024-04-08 00:40:40.195658+00:00 [notice] <0.309.0> Feature flags: `stream_filtering` enabled
2024-04-08 00:40:40.195735+00:00 [notice] <0.309.0> Feature flags: attempt to enable `stream_sac_coordinator_unblock_group`...
2024-04-08 00:40:40.231460+00:00 [notice] <0.309.0> Feature flags: `stream_sac_coordinator_unblock_group` enabled
2024-04-08 00:40:40.231538+00:00 [notice] <0.309.0> Feature flags: attempt to enable `restart_streams`...
2024-04-08 00:40:40.267800+00:00 [notice] <0.309.0> Feature flags: `restart_streams` enabled
2024-04-08 00:40:40.267899+00:00 [notice] <0.309.0> Feature flags: attempt to enable `message_containers`...
2024-04-08 00:40:40.303830+00:00 [notice] <0.309.0> Feature flags: `message_containers` enabled
2024-04-08 00:40:40.304542+00:00 [info] <0.248.0> DB: virgin node -> run peer discovery
2024-04-08 00:40:40.311141+00:00 [notice] <0.44.0> Application mnesia exited with reason: stopped
2024-04-08 00:40:40.394931+00:00 [info] <0.248.0> Waiting for Mnesia tables for 30000 ms, 9 retries left
2024-04-08 00:40:40.394995+00:00 [info] <0.248.0> Successfully synced tables from a peer
2024-04-08 00:40:40.395042+00:00 [info] <0.248.0> Waiting for Mnesia tables for 30000 ms, 9 retries left
2024-04-08 00:40:40.395071+00:00 [info] <0.248.0> Successfully synced tables from a peer
2024-04-08 00:40:40.396996+00:00 [info] <0.248.0> Waiting for Mnesia tables for 30000 ms, 9 retries left
2024-04-08 00:40:40.397028+00:00 [info] <0.248.0> Successfully synced tables from a peer
2024-04-08 00:40:40.397082+00:00 [info] <0.248.0> Running boot step tracking_metadata_store defined by app rabbit
2024-04-08 00:40:40.397107+00:00 [info] <0.540.0> Setting up a table for connection tracking on this node: tracked_connection
2024-04-08 00:40:40.397131+00:00 [info] <0.540.0> Setting up a table for per-vhost connection counting on this node: tracked_connection_per_vhost
2024-04-08 00:40:40.397187+00:00 [info] <0.540.0> Setting up a table for per-user connection counting on this node: tracked_connection_per_user
2024-04-08 00:40:40.397226+00:00 [info] <0.540.0> Setting up a table for channel tracking on this node: tracked_channel
2024-04-08 00:40:40.397258+00:00 [info] <0.540.0> Setting up a table for channel tracking on this node: tracked_channel_per_user
2024-04-08 00:40:40.397306+00:00 [info] <0.248.0> Running boot step networking_metadata_store defined by app rabbit
2024-04-08 00:40:40.397345+00:00 [info] <0.248.0> Running boot step feature_flags defined by app rabbit
2024-04-08 00:40:40.397398+00:00 [info] <0.248.0> Running boot step codec_correctness_check defined by app rabbit
2024-04-08 00:40:40.397446+00:00 [info] <0.248.0> Running boot step external_infrastructure defined by app rabbit
2024-04-08 00:40:40.397461+00:00 [info] <0.248.0> Running boot step rabbit_event defined by app rabbit
2024-04-08 00:40:40.397504+00:00 [info] <0.248.0> Running boot step rabbit_registry defined by app rabbit
2024-04-08 00:40:40.397540+00:00 [info] <0.248.0> Running boot step rabbit_auth_mechanism_amqplain defined by app rabbit
2024-04-08 00:40:40.397581+00:00 [info] <0.248.0> Running boot step rabbit_auth_mechanism_cr_demo defined by app rabbit
2024-04-08 00:40:40.397608+00:00 [info] <0.248.0> Running boot step rabbit_auth_mechanism_plain defined by app rabbit
2024-04-08 00:40:40.397647+00:00 [info] <0.248.0> Running boot step rabbit_exchange_type_direct defined by app rabbit
2024-04-08 00:40:40.397684+00:00 [info] <0.248.0> Running boot step rabbit_exchange_type_fanout defined by app rabbit
2024-04-08 00:40:40.397712+00:00 [info] <0.248.0> Running boot step rabbit_exchange_type_headers defined by app rabbit
2024-04-08 00:40:40.397734+00:00 [info] <0.248.0> Running boot step rabbit_exchange_type_topic defined by app rabbit
2024-04-08 00:40:40.397765+00:00 [info] <0.248.0> Running boot step rabbit_mirror_queue_mode_all defined by app rabbit
2024-04-08 00:40:40.397798+00:00 [info] <0.248.0> Running boot step rabbit_mirror_queue_mode_exactly defined by app rabbit
2024-04-08 00:40:40.397817+00:00 [info] <0.248.0> Running boot step rabbit_mirror_queue_mode_nodes defined by app rabbit
2024-04-08 00:40:40.397844+00:00 [info] <0.248.0> Running boot step rabbit_priority_queue defined by app rabbit
2024-04-08 00:40:40.397853+00:00 [info] <0.248.0> Priority queues enabled, real BQ is rabbit_variable_queue
2024-04-08 00:40:40.397881+00:00 [info] <0.248.0> Running boot step rabbit_queue_location_client_local defined by app rabbit
2024-04-08 00:40:40.397906+00:00 [info] <0.248.0> Running boot step rabbit_queue_location_min_masters defined by app rabbit
2024-04-08 00:40:40.397928+00:00 [info] <0.248.0> Running boot step rabbit_queue_location_random defined by app rabbit
2024-04-08 00:40:40.397949+00:00 [info] <0.248.0> Running boot step kernel_ready defined by app rabbit
2024-04-08 00:40:40.397957+00:00 [info] <0.248.0> Running boot step rabbit_sysmon_minder defined by app rabbit
2024-04-08 00:40:40.398006+00:00 [info] <0.248.0> Running boot step rabbit_epmd_monitor defined by app rabbit
2024-04-08 00:40:40.398401+00:00 [info] <0.548.0> epmd monitor knows us, inter-node communication (distribution) port: 25672
2024-04-08 00:40:40.398438+00:00 [info] <0.248.0> Running boot step guid_generator defined by app rabbit
2024-04-08 00:40:40.399341+00:00 [info] <0.248.0> Running boot step rabbit_node_monitor defined by app rabbit
2024-04-08 00:40:40.399443+00:00 [info] <0.552.0> Starting rabbit_node_monitor (in ignore mode)
2024-04-08 00:40:40.399482+00:00 [info] <0.248.0> Running boot step delegate_sup defined by app rabbit
2024-04-08 00:40:40.399681+00:00 [info] <0.248.0> Running boot step rabbit_memory_monitor defined by app rabbit
2024-04-08 00:40:40.399769+00:00 [info] <0.248.0> Running boot step rabbit_fifo_dlx_sup defined by app rabbit
2024-04-08 00:40:40.399791+00:00 [info] <0.248.0> Running boot step core_initialized defined by app rabbit
2024-04-08 00:40:40.399799+00:00 [info] <0.248.0> Running boot step rabbit_channel_tracking_handler defined by app rabbit
2024-04-08 00:40:40.399819+00:00 [info] <0.248.0> Running boot step rabbit_connection_tracking_handler defined by app rabbit
2024-04-08 00:40:40.399837+00:00 [info] <0.248.0> Running boot step rabbit_definitions_hashing defined by app rabbit
2024-04-08 00:40:40.399867+00:00 [info] <0.248.0> Running boot step rabbit_exchange_parameters defined by app rabbit
2024-04-08 00:40:40.412376+00:00 [info] <0.248.0> Running boot step rabbit_mirror_queue_misc defined by app rabbit
2024-04-08 00:40:40.412657+00:00 [info] <0.248.0> Running boot step rabbit_policies defined by app rabbit
2024-04-08 00:40:40.412800+00:00 [info] <0.248.0> Running boot step rabbit_policy defined by app rabbit
2024-04-08 00:40:40.412835+00:00 [info] <0.248.0> Running boot step rabbit_queue_location_validator defined by app rabbit
2024-04-08 00:40:40.412854+00:00 [info] <0.248.0> Running boot step rabbit_quorum_memory_manager defined by app rabbit
2024-04-08 00:40:40.412889+00:00 [info] <0.248.0> Running boot step rabbit_quorum_queue defined by app rabbit
2024-04-08 00:40:40.412931+00:00 [info] <0.248.0> Running boot step rabbit_stream_coordinator defined by app rabbit
2024-04-08 00:40:40.413148+00:00 [info] <0.248.0> Running boot step rabbit_vhost_limit defined by app rabbit
2024-04-08 00:40:40.413198+00:00 [info] <0.248.0> Running boot step recovery defined by app rabbit
2024-04-08 00:40:40.420673+00:00 [info] <0.248.0> Running boot step empty_db_check defined by app rabbit
2024-04-08 00:40:40.420703+00:00 [info] <0.248.0> Will seed default virtual host and user...
2024-04-08 00:40:40.420765+00:00 [info] <0.248.0> Adding vhost '/' (description: 'Default virtual host', tags: [])
2024-04-08 00:40:40.421316+00:00 [info] <0.248.0> Inserted a virtual host record {vhost,<<"/">>,[],
2024-04-08 00:40:40.421316+00:00 [info] <0.248.0>                                       #{description =>
2024-04-08 00:40:40.421316+00:00 [info] <0.248.0>                                             <<"Default virtual host">>,
2024-04-08 00:40:40.421316+00:00 [info] <0.248.0>                                         tags => []}}
2024-04-08 00:40:40.423461+00:00 [info] <0.595.0> Making sure data directory '/var/lib/rabbitmq/mnesia/rabbit@08dd8a3024d1/msg_stores/vhosts/628WB79CIFDYO9LJI6DKMI09L' for vhost '/' exists
2024-04-08 00:40:40.424768+00:00 [info] <0.595.0> Setting segment_entry_count for vhost '/' with 0 queues to '2048'
2024-04-08 00:40:40.429414+00:00 [info] <0.595.0> Starting message stores for vhost '/'
2024-04-08 00:40:40.432324+00:00 [info] <0.605.0> Message store "628WB79CIFDYO9LJI6DKMI09L/msg_store_transient": using rabbit_msg_store_ets_index to provide index
2024-04-08 00:40:40.433640+00:00 [info] <0.595.0> Started message store of type transient for vhost '/'
2024-04-08 00:40:40.433705+00:00 [info] <0.609.0> Message store "628WB79CIFDYO9LJI6DKMI09L/msg_store_persistent": using rabbit_msg_store_ets_index to provide index
2024-04-08 00:40:40.434115+00:00 [warning] <0.609.0> Message store "628WB79CIFDYO9LJI6DKMI09L/msg_store_persistent": rebuilding indices from scratch
2024-04-08 00:40:40.434852+00:00 [info] <0.595.0> Started message store of type persistent for vhost '/'
2024-04-08 00:40:40.434896+00:00 [info] <0.595.0> Recovering 0 queues of type rabbit_classic_queue took 9ms
2024-04-08 00:40:40.434913+00:00 [info] <0.595.0> Recovering 0 queues of type rabbit_quorum_queue took 0ms
2024-04-08 00:40:40.434946+00:00 [info] <0.595.0> Recovering 0 queues of type rabbit_stream_queue took 0ms
2024-04-08 00:40:40.435775+00:00 [info] <0.248.0> Created user 'admin'
2024-04-08 00:40:40.436244+00:00 [info] <0.248.0> Successfully set user tags for user 'admin' to [administrator]
2024-04-08 00:40:40.436592+00:00 [info] <0.248.0> Successfully set permissions for user 'admin' in virtual host '/' to '.*', '.*', '.*'
2024-04-08 00:40:40.436614+00:00 [info] <0.248.0> Running boot step rabbit_observer_cli defined by app rabbit
2024-04-08 00:40:40.436645+00:00 [info] <0.248.0> Running boot step rabbit_looking_glass defined by app rabbit
2024-04-08 00:40:40.436656+00:00 [info] <0.248.0> Running boot step rabbit_core_metrics_gc defined by app rabbit
2024-04-08 00:40:40.436731+00:00 [info] <0.248.0> Running boot step background_gc defined by app rabbit
2024-04-08 00:40:40.436805+00:00 [info] <0.248.0> Running boot step routing_ready defined by app rabbit
2024-04-08 00:40:40.436817+00:00 [info] <0.248.0> Running boot step pre_flight defined by app rabbit
2024-04-08 00:40:40.436849+00:00 [info] <0.248.0> Running boot step notify_cluster defined by app rabbit
2024-04-08 00:40:40.436868+00:00 [info] <0.248.0> Running boot step networking defined by app rabbit
2024-04-08 00:40:40.436894+00:00 [info] <0.248.0> Running boot step rabbit_quorum_queue_periodic_membership_reconciliation defined by app rabbit
2024-04-08 00:40:40.436992+00:00 [info] <0.248.0> Running boot step definition_import_worker_pool defined by app rabbit
2024-04-08 00:40:40.437012+00:00 [info] <0.308.0> Starting worker pool 'definition_import_pool' with 8 processes in it
2024-04-08 00:40:40.437182+00:00 [info] <0.248.0> Running boot step cluster_name defined by app rabbit
2024-04-08 00:40:40.437213+00:00 [info] <0.248.0> Initialising internal cluster ID to 'rabbitmq-cluster-id-NBK9rWSSluCziiBPq3HqXw'
2024-04-08 00:40:40.437589+00:00 [info] <0.248.0> Running boot step direct_client defined by app rabbit
2024-04-08 00:40:40.437691+00:00 [info] <0.650.0> Resetting node maintenance status
2024-04-08 00:40:40.437757+00:00 [info] <0.650.0> Ready to start client connection listeners
2024-04-08 00:40:40.449310+00:00 [info] <0.668.0> started TCP listener on [::]:5672
2024-04-08 00:40:40.521756+00:00 [info] <0.650.0> Server startup complete; 0 plugins started.
2024-04-08 00:40:40.639739+00:00 [info] <0.9.0> Time to start RabbitMQ: 2390 ms
2024-04-08 00:41:05.776629+00:00 [notice] <0.64.0> SIGTERM received - shutting down
2024-04-08 00:41:05.776629+00:00 [notice] <0.64.0> 
2024-04-08 00:41:05.778912+00:00 [info] <0.668.0> stopped TCP listener on [::]:5672
2024-04-08 00:41:05.780703+00:00 [info] <0.672.0> Closing all connections in vhost '/' on node 'rabbit@08dd8a3024d1' because the vhost is stopping
2024-04-08 00:41:05.780874+00:00 [info] <0.609.0> Stopping message store for directory '/var/lib/rabbitmq/mnesia/rabbit@08dd8a3024d1/msg_stores/vhosts/628WB79CIFDYO9LJI6DKMI09L/msg_store_persistent'
2024-04-08 00:41:05.799364+00:00 [info] <0.609.0> Message store for directory '/var/lib/rabbitmq/mnesia/rabbit@08dd8a3024d1/msg_stores/vhosts/628WB79CIFDYO9LJI6DKMI09L/msg_store_persistent' is stopped
2024-04-08 00:41:05.799505+00:00 [info] <0.605.0> Stopping message store for directory '/var/lib/rabbitmq/mnesia/rabbit@08dd8a3024d1/msg_stores/vhosts/628WB79CIFDYO9LJI6DKMI09L/msg_store_transient'
2024-04-08 00:41:05.805986+00:00 [info] <0.605.0> Message store for directory '/var/lib/rabbitmq/mnesia/rabbit@08dd8a3024d1/msg_stores/vhosts/628WB79CIFDYO9LJI6DKMI09L/msg_store_transient' is stopped
