2024-04-08 00:38:26.181106+00:00 [notice] <0.248.0> Logging: configured log handlers are now ACTIVE
2024-04-08 00:38:26.186917+00:00 [info] <0.248.0> ra: starting system quorum_queues
2024-04-08 00:38:26.186940+00:00 [info] <0.248.0> starting Ra system: quorum_queues in directory: /var/lib/rabbitmq/mnesia/rabbit@3fd7fe63731b/quorum/rabbit@3fd7fe63731b
2024-04-08 00:38:26.228035+00:00 [info] <0.263.0> ra system 'quorum_queues' running pre init for 0 registered servers
2024-04-08 00:38:26.235599+00:00 [info] <0.264.0> ra: meta data store initialised for system quorum_queues. 0 record(s) recovered
2024-04-08 00:38:26.244505+00:00 [notice] <0.269.0> WAL: ra_log_wal init, open tbls: ra_log_open_mem_tables, closed tbls: ra_log_closed_mem_tables
2024-04-08 00:38:26.249220+00:00 [info] <0.248.0> ra: starting system coordination
2024-04-08 00:38:26.249260+00:00 [info] <0.248.0> starting Ra system: coordination in directory: /var/lib/rabbitmq/mnesia/rabbit@3fd7fe63731b/coordination/rabbit@3fd7fe63731b
2024-04-08 00:38:26.251118+00:00 [info] <0.276.0> ra system 'coordination' running pre init for 0 registered servers
2024-04-08 00:38:26.252146+00:00 [info] <0.277.0> ra: meta data store initialised for system coordination. 0 record(s) recovered
2024-04-08 00:38:26.252231+00:00 [notice] <0.282.0> WAL: ra_coordination_log_wal init, open tbls: ra_coordination_log_open_mem_tables, closed tbls: ra_coordination_log_closed_mem_tables
2024-04-08 00:38:26.253482+00:00 [info] <0.248.0> ra: starting system coordination
2024-04-08 00:38:26.253501+00:00 [info] <0.248.0> starting Ra system: coordination in directory: /var/lib/rabbitmq/mnesia/rabbit@3fd7fe63731b/coordination/rabbit@3fd7fe63731b
2024-04-08 00:38:26.305947+00:00 [info] <0.248.0> Waiting for Khepri leader for 30000 ms, 9 retries left
2024-04-08 00:38:26.307760+00:00 [notice] <0.285.0> RabbitMQ metadata store: candidate -> leader in term: 1 machine version: 0
2024-04-08 00:38:26.313979+00:00 [info] <0.248.0> Khepri leader elected
2024-04-08 00:38:26.467112+00:00 [info] <0.248.0> 
2024-04-08 00:38:26.467112+00:00 [info] <0.248.0>  Starting RabbitMQ 3.13.1 on Erlang 26.2.2 [jit]
2024-04-08 00:38:26.467112+00:00 [info] <0.248.0>  Copyright (c) 2007-2024 Broadcom Inc and/or its subsidiaries
2024-04-08 00:38:26.467112+00:00 [info] <0.248.0>  Licensed under the MPL 2.0. Website: https://rabbitmq.com
2024-04-08 00:38:26.467870+00:00 [info] <0.248.0> 
2024-04-08 00:38:26.467870+00:00 [info] <0.248.0>  node           : rabbit@3fd7fe63731b
2024-04-08 00:38:26.467870+00:00 [info] <0.248.0>  home dir       : /var/lib/rabbitmq
2024-04-08 00:38:26.467870+00:00 [info] <0.248.0>  config file(s) : (none)
2024-04-08 00:38:26.467870+00:00 [info] <0.248.0>  cookie hash    : h3mEYi6hOdL2TrbVlJp9dw==
2024-04-08 00:38:26.467870+00:00 [info] <0.248.0>  log(s)         : /var/log/rabbitmq/rabbit@3fd7fe63731b.log
2024-04-08 00:38:26.467870+00:00 [info] <0.248.0>                 : <stdout>
2024-04-08 00:38:26.467870+00:00 [info] <0.248.0>  data dir       : /var/lib/rabbitmq/mnesia/rabbit@3fd7fe63731b
2024-04-08 00:38:26.513485+00:00 [info] <0.248.0> Running boot step pre_boot defined by app rabbit
2024-04-08 00:38:26.513512+00:00 [info] <0.248.0> Running boot step rabbit_global_counters defined by app rabbit
2024-04-08 00:38:26.513624+00:00 [info] <0.248.0> Running boot step rabbit_osiris_metrics defined by app rabbit
2024-04-08 00:38:26.513670+00:00 [info] <0.248.0> Running boot step rabbit_core_metrics defined by app rabbit
2024-04-08 00:38:26.513881+00:00 [info] <0.248.0> Running boot step rabbit_alarm defined by app rabbit
2024-04-08 00:38:26.519719+00:00 [info] <0.321.0> Memory high watermark set to 3136 MiB (3288881561 bytes) of 7841 MiB (8222203904 bytes) total
2024-04-08 00:38:26.521313+00:00 [info] <0.323.0> Enabling free disk space monitoring (disk free space: 343659380736, total memory: 8222203904)
2024-04-08 00:38:26.521337+00:00 [info] <0.323.0> Disk free limit set to 50MB
2024-04-08 00:38:26.522377+00:00 [info] <0.248.0> Running boot step code_server_cache defined by app rabbit
2024-04-08 00:38:26.522423+00:00 [info] <0.248.0> Running boot step file_handle_cache defined by app rabbit
2024-04-08 00:38:26.526893+00:00 [info] <0.326.0> Limiting to approx 1048479 file handles (943629 sockets)
2024-04-08 00:38:26.526948+00:00 [info] <0.327.0> FHC read buffering: OFF
2024-04-08 00:38:26.526962+00:00 [info] <0.327.0> FHC write buffering: ON
2024-04-08 00:38:26.527238+00:00 [info] <0.248.0> Running boot step worker_pool defined by app rabbit
2024-04-08 00:38:26.527270+00:00 [info] <0.308.0> Will use 8 processes for default worker pool
2024-04-08 00:38:26.527283+00:00 [info] <0.308.0> Starting worker pool 'worker_pool' with 8 processes in it
2024-04-08 00:38:26.527485+00:00 [info] <0.248.0> Running boot step database defined by app rabbit
2024-04-08 00:38:26.527977+00:00 [info] <0.248.0> Peer discovery: configured backend: rabbit_peer_discovery_classic_config
2024-04-08 00:38:26.528874+00:00 [notice] <0.309.0> Feature flags: attempt to enable `quorum_queue_non_voters`...
2024-04-08 00:38:26.564669+00:00 [notice] <0.309.0> Feature flags: `quorum_queue_non_voters` enabled
2024-04-08 00:38:26.564751+00:00 [notice] <0.309.0> Feature flags: attempt to enable `stream_update_config_command`...
2024-04-08 00:38:26.601293+00:00 [notice] <0.309.0> Feature flags: `stream_update_config_command` enabled
2024-04-08 00:38:26.601370+00:00 [notice] <0.309.0> Feature flags: attempt to enable `stream_filtering`...
2024-04-08 00:38:26.636846+00:00 [notice] <0.309.0> Feature flags: `stream_filtering` enabled
2024-04-08 00:38:26.636923+00:00 [notice] <0.309.0> Feature flags: attempt to enable `stream_sac_coordinator_unblock_group`...
2024-04-08 00:38:26.672497+00:00 [notice] <0.309.0> Feature flags: `stream_sac_coordinator_unblock_group` enabled
2024-04-08 00:38:26.672588+00:00 [notice] <0.309.0> Feature flags: attempt to enable `restart_streams`...
2024-04-08 00:38:26.708109+00:00 [notice] <0.309.0> Feature flags: `restart_streams` enabled
2024-04-08 00:38:26.708242+00:00 [notice] <0.309.0> Feature flags: attempt to enable `message_containers`...
2024-04-08 00:38:26.744014+00:00 [notice] <0.309.0> Feature flags: `message_containers` enabled
2024-04-08 00:38:26.744667+00:00 [info] <0.248.0> DB: virgin node -> run peer discovery
2024-04-08 00:38:26.751330+00:00 [notice] <0.44.0> Application mnesia exited with reason: stopped
2024-04-08 00:38:26.834410+00:00 [info] <0.248.0> Waiting for Mnesia tables for 30000 ms, 9 retries left
2024-04-08 00:38:26.834482+00:00 [info] <0.248.0> Successfully synced tables from a peer
2024-04-08 00:38:26.834524+00:00 [info] <0.248.0> Waiting for Mnesia tables for 30000 ms, 9 retries left
2024-04-08 00:38:26.834557+00:00 [info] <0.248.0> Successfully synced tables from a peer
2024-04-08 00:38:26.836548+00:00 [info] <0.248.0> Waiting for Mnesia tables for 30000 ms, 9 retries left
2024-04-08 00:38:26.836607+00:00 [info] <0.248.0> Successfully synced tables from a peer
2024-04-08 00:38:26.836683+00:00 [info] <0.248.0> Running boot step tracking_metadata_store defined by app rabbit
2024-04-08 00:38:26.836714+00:00 [info] <0.540.0> Setting up a table for connection tracking on this node: tracked_connection
2024-04-08 00:38:26.836735+00:00 [info] <0.540.0> Setting up a table for per-vhost connection counting on this node: tracked_connection_per_vhost
2024-04-08 00:38:26.836774+00:00 [info] <0.540.0> Setting up a table for per-user connection counting on this node: tracked_connection_per_user
2024-04-08 00:38:26.836806+00:00 [info] <0.540.0> Setting up a table for channel tracking on this node: tracked_channel
2024-04-08 00:38:26.836838+00:00 [info] <0.540.0> Setting up a table for channel tracking on this node: tracked_channel_per_user
2024-04-08 00:38:26.836886+00:00 [info] <0.248.0> Running boot step networking_metadata_store defined by app rabbit
2024-04-08 00:38:26.836918+00:00 [info] <0.248.0> Running boot step feature_flags defined by app rabbit
2024-04-08 00:38:26.836980+00:00 [info] <0.248.0> Running boot step codec_correctness_check defined by app rabbit
2024-04-08 00:38:26.837036+00:00 [info] <0.248.0> Running boot step external_infrastructure defined by app rabbit
2024-04-08 00:38:26.837069+00:00 [info] <0.248.0> Running boot step rabbit_event defined by app rabbit
2024-04-08 00:38:26.837179+00:00 [info] <0.248.0> Running boot step rabbit_registry defined by app rabbit
2024-04-08 00:38:26.837213+00:00 [info] <0.248.0> Running boot step rabbit_auth_mechanism_amqplain defined by app rabbit
2024-04-08 00:38:26.837249+00:00 [info] <0.248.0> Running boot step rabbit_auth_mechanism_cr_demo defined by app rabbit
2024-04-08 00:38:26.837272+00:00 [info] <0.248.0> Running boot step rabbit_auth_mechanism_plain defined by app rabbit
2024-04-08 00:38:26.837294+00:00 [info] <0.248.0> Running boot step rabbit_exchange_type_direct defined by app rabbit
2024-04-08 00:38:26.837326+00:00 [info] <0.248.0> Running boot step rabbit_exchange_type_fanout defined by app rabbit
2024-04-08 00:38:26.837369+00:00 [info] <0.248.0> Running boot step rabbit_exchange_type_headers defined by app rabbit
2024-04-08 00:38:26.837403+00:00 [info] <0.248.0> Running boot step rabbit_exchange_type_topic defined by app rabbit
2024-04-08 00:38:26.837438+00:00 [info] <0.248.0> Running boot step rabbit_mirror_queue_mode_all defined by app rabbit
2024-04-08 00:38:26.837470+00:00 [info] <0.248.0> Running boot step rabbit_mirror_queue_mode_exactly defined by app rabbit
2024-04-08 00:38:26.837499+00:00 [info] <0.248.0> Running boot step rabbit_mirror_queue_mode_nodes defined by app rabbit
2024-04-08 00:38:26.837522+00:00 [info] <0.248.0> Running boot step rabbit_priority_queue defined by app rabbit
2024-04-08 00:38:26.837540+00:00 [info] <0.248.0> Priority queues enabled, real BQ is rabbit_variable_queue
2024-04-08 00:38:26.837587+00:00 [info] <0.248.0> Running boot step rabbit_queue_location_client_local defined by app rabbit
2024-04-08 00:38:26.837626+00:00 [info] <0.248.0> Running boot step rabbit_queue_location_min_masters defined by app rabbit
2024-04-08 00:38:26.837657+00:00 [info] <0.248.0> Running boot step rabbit_queue_location_random defined by app rabbit
2024-04-08 00:38:26.837680+00:00 [info] <0.248.0> Running boot step kernel_ready defined by app rabbit
2024-04-08 00:38:26.837688+00:00 [info] <0.248.0> Running boot step rabbit_sysmon_minder defined by app rabbit
2024-04-08 00:38:26.837760+00:00 [info] <0.248.0> Running boot step rabbit_epmd_monitor defined by app rabbit
2024-04-08 00:38:26.838161+00:00 [info] <0.548.0> epmd monitor knows us, inter-node communication (distribution) port: 25672
2024-04-08 00:38:26.838204+00:00 [info] <0.248.0> Running boot step guid_generator defined by app rabbit
2024-04-08 00:38:26.838926+00:00 [info] <0.248.0> Running boot step rabbit_node_monitor defined by app rabbit
2024-04-08 00:38:26.839009+00:00 [info] <0.552.0> Starting rabbit_node_monitor (in ignore mode)
2024-04-08 00:38:26.839050+00:00 [info] <0.248.0> Running boot step delegate_sup defined by app rabbit
2024-04-08 00:38:26.839248+00:00 [info] <0.248.0> Running boot step rabbit_memory_monitor defined by app rabbit
2024-04-08 00:38:26.839329+00:00 [info] <0.248.0> Running boot step rabbit_fifo_dlx_sup defined by app rabbit
2024-04-08 00:38:26.839357+00:00 [info] <0.248.0> Running boot step core_initialized defined by app rabbit
2024-04-08 00:38:26.839365+00:00 [info] <0.248.0> Running boot step rabbit_channel_tracking_handler defined by app rabbit
2024-04-08 00:38:26.839397+00:00 [info] <0.248.0> Running boot step rabbit_connection_tracking_handler defined by app rabbit
2024-04-08 00:38:26.839417+00:00 [info] <0.248.0> Running boot step rabbit_definitions_hashing defined by app rabbit
2024-04-08 00:38:26.839435+00:00 [info] <0.248.0> Running boot step rabbit_exchange_parameters defined by app rabbit
2024-04-08 00:38:26.852103+00:00 [info] <0.248.0> Running boot step rabbit_mirror_queue_misc defined by app rabbit
2024-04-08 00:38:26.852352+00:00 [info] <0.248.0> Running boot step rabbit_policies defined by app rabbit
2024-04-08 00:38:26.852487+00:00 [info] <0.248.0> Running boot step rabbit_policy defined by app rabbit
2024-04-08 00:38:26.852514+00:00 [info] <0.248.0> Running boot step rabbit_queue_location_validator defined by app rabbit
2024-04-08 00:38:26.852543+00:00 [info] <0.248.0> Running boot step rabbit_quorum_memory_manager defined by app rabbit
2024-04-08 00:38:26.852576+00:00 [info] <0.248.0> Running boot step rabbit_quorum_queue defined by app rabbit
2024-04-08 00:38:26.852631+00:00 [info] <0.248.0> Running boot step rabbit_stream_coordinator defined by app rabbit
2024-04-08 00:38:26.852788+00:00 [info] <0.248.0> Running boot step rabbit_vhost_limit defined by app rabbit
2024-04-08 00:38:26.852840+00:00 [info] <0.248.0> Running boot step recovery defined by app rabbit
2024-04-08 00:38:26.859738+00:00 [info] <0.248.0> Running boot step empty_db_check defined by app rabbit
2024-04-08 00:38:26.859775+00:00 [info] <0.248.0> Will seed default virtual host and user...
2024-04-08 00:38:26.859809+00:00 [info] <0.248.0> Adding vhost '/' (description: 'Default virtual host', tags: [])
2024-04-08 00:38:26.860360+00:00 [info] <0.248.0> Inserted a virtual host record {vhost,<<"/">>,[],
2024-04-08 00:38:26.860360+00:00 [info] <0.248.0>                                       #{description =>
2024-04-08 00:38:26.860360+00:00 [info] <0.248.0>                                             <<"Default virtual host">>,
2024-04-08 00:38:26.860360+00:00 [info] <0.248.0>                                         tags => []}}
2024-04-08 00:38:26.862636+00:00 [info] <0.595.0> Making sure data directory '/var/lib/rabbitmq/mnesia/rabbit@3fd7fe63731b/msg_stores/vhosts/628WB79CIFDYO9LJI6DKMI09L' for vhost '/' exists
2024-04-08 00:38:26.863955+00:00 [info] <0.595.0> Setting segment_entry_count for vhost '/' with 0 queues to '2048'
2024-04-08 00:38:26.868750+00:00 [info] <0.595.0> Starting message stores for vhost '/'
2024-04-08 00:38:26.871882+00:00 [info] <0.605.0> Message store "628WB79CIFDYO9LJI6DKMI09L/msg_store_transient": using rabbit_msg_store_ets_index to provide index
2024-04-08 00:38:26.873283+00:00 [info] <0.595.0> Started message store of type transient for vhost '/'
2024-04-08 00:38:26.873358+00:00 [info] <0.609.0> Message store "628WB79CIFDYO9LJI6DKMI09L/msg_store_persistent": using rabbit_msg_store_ets_index to provide index
2024-04-08 00:38:26.873798+00:00 [warning] <0.609.0> Message store "628WB79CIFDYO9LJI6DKMI09L/msg_store_persistent": rebuilding indices from scratch
2024-04-08 00:38:26.875148+00:00 [info] <0.595.0> Started message store of type persistent for vhost '/'
2024-04-08 00:38:26.875233+00:00 [info] <0.595.0> Recovering 0 queues of type rabbit_classic_queue took 10ms
2024-04-08 00:38:26.875253+00:00 [info] <0.595.0> Recovering 0 queues of type rabbit_quorum_queue took 0ms
2024-04-08 00:38:26.875289+00:00 [info] <0.595.0> Recovering 0 queues of type rabbit_stream_queue took 0ms
2024-04-08 00:38:26.877460+00:00 [info] <0.248.0> Created user 'admin'
2024-04-08 00:38:26.879078+00:00 [info] <0.248.0> Successfully set user tags for user 'admin' to [administrator]
2024-04-08 00:38:26.881444+00:00 [info] <0.248.0> Successfully set permissions for user 'admin' in virtual host '/' to '.*', '.*', '.*'
2024-04-08 00:38:26.881513+00:00 [info] <0.248.0> Running boot step rabbit_observer_cli defined by app rabbit
2024-04-08 00:38:26.881590+00:00 [info] <0.248.0> Running boot step rabbit_looking_glass defined by app rabbit
2024-04-08 00:38:26.881603+00:00 [info] <0.248.0> Running boot step rabbit_core_metrics_gc defined by app rabbit
2024-04-08 00:38:26.882539+00:00 [info] <0.248.0> Running boot step background_gc defined by app rabbit
2024-04-08 00:38:26.882633+00:00 [info] <0.248.0> Running boot step routing_ready defined by app rabbit
2024-04-08 00:38:26.882644+00:00 [info] <0.248.0> Running boot step pre_flight defined by app rabbit
2024-04-08 00:38:26.882655+00:00 [info] <0.248.0> Running boot step notify_cluster defined by app rabbit
2024-04-08 00:38:26.882666+00:00 [info] <0.248.0> Running boot step networking defined by app rabbit
2024-04-08 00:38:26.882689+00:00 [info] <0.248.0> Running boot step rabbit_quorum_queue_periodic_membership_reconciliation defined by app rabbit
2024-04-08 00:38:26.882768+00:00 [info] <0.248.0> Running boot step definition_import_worker_pool defined by app rabbit
2024-04-08 00:38:26.882785+00:00 [info] <0.308.0> Starting worker pool 'definition_import_pool' with 8 processes in it
2024-04-08 00:38:26.883310+00:00 [info] <0.248.0> Running boot step cluster_name defined by app rabbit
2024-04-08 00:38:26.883384+00:00 [info] <0.248.0> Initialising internal cluster ID to 'rabbitmq-cluster-id-41pPooTM-KKiD3TaIPuYKw'
2024-04-08 00:38:26.888339+00:00 [info] <0.248.0> Running boot step direct_client defined by app rabbit
2024-04-08 00:38:26.888482+00:00 [info] <0.650.0> Resetting node maintenance status
2024-04-08 00:38:26.888651+00:00 [info] <0.650.0> Ready to start client connection listeners
2024-04-08 00:38:26.914283+00:00 [info] <0.668.0> started TCP listener on [::]:5672
2024-04-08 00:38:26.982665+00:00 [info] <0.650.0> Server startup complete; 0 plugins started.
2024-04-08 00:38:27.090750+00:00 [info] <0.9.0> Time to start RabbitMQ: 2381 ms
2024-04-08 00:39:02.846957+00:00 [notice] <0.64.0> SIGTERM received - shutting down
2024-04-08 00:39:02.846957+00:00 [notice] <0.64.0> 
2024-04-08 00:39:02.851029+00:00 [info] <0.668.0> stopped TCP listener on [::]:5672
2024-04-08 00:39:02.854575+00:00 [info] <0.672.0> Closing all connections in vhost '/' on node 'rabbit@3fd7fe63731b' because the vhost is stopping
2024-04-08 00:39:02.854699+00:00 [info] <0.609.0> Stopping message store for directory '/var/lib/rabbitmq/mnesia/rabbit@3fd7fe63731b/msg_stores/vhosts/628WB79CIFDYO9LJI6DKMI09L/msg_store_persistent'
2024-04-08 00:39:02.864948+00:00 [info] <0.609.0> Message store for directory '/var/lib/rabbitmq/mnesia/rabbit@3fd7fe63731b/msg_stores/vhosts/628WB79CIFDYO9LJI6DKMI09L/msg_store_persistent' is stopped
2024-04-08 00:39:02.865155+00:00 [info] <0.605.0> Stopping message store for directory '/var/lib/rabbitmq/mnesia/rabbit@3fd7fe63731b/msg_stores/vhosts/628WB79CIFDYO9LJI6DKMI09L/msg_store_transient'
2024-04-08 00:39:02.871718+00:00 [info] <0.605.0> Message store for directory '/var/lib/rabbitmq/mnesia/rabbit@3fd7fe63731b/msg_stores/vhosts/628WB79CIFDYO9LJI6DKMI09L/msg_store_transient' is stopped
