2024-04-08 00:39:39.508949+00:00 [notice] <0.248.0> Logging: configured log handlers are now ACTIVE
2024-04-08 00:39:39.515059+00:00 [info] <0.248.0> ra: starting system quorum_queues
2024-04-08 00:39:39.515089+00:00 [info] <0.248.0> starting Ra system: quorum_queues in directory: /var/lib/rabbitmq/mnesia/rabbit@9b29f0e969bc/quorum/rabbit@9b29f0e969bc
2024-04-08 00:39:39.557020+00:00 [info] <0.263.0> ra system 'quorum_queues' running pre init for 0 registered servers
2024-04-08 00:39:39.564531+00:00 [info] <0.264.0> ra: meta data store initialised for system quorum_queues. 0 record(s) recovered
2024-04-08 00:39:39.573772+00:00 [notice] <0.269.0> WAL: ra_log_wal init, open tbls: ra_log_open_mem_tables, closed tbls: ra_log_closed_mem_tables
2024-04-08 00:39:39.578603+00:00 [info] <0.248.0> ra: starting system coordination
2024-04-08 00:39:39.578627+00:00 [info] <0.248.0> starting Ra system: coordination in directory: /var/lib/rabbitmq/mnesia/rabbit@9b29f0e969bc/coordination/rabbit@9b29f0e969bc
2024-04-08 00:39:39.580389+00:00 [info] <0.276.0> ra system 'coordination' running pre init for 0 registered servers
2024-04-08 00:39:39.581458+00:00 [info] <0.277.0> ra: meta data store initialised for system coordination. 0 record(s) recovered
2024-04-08 00:39:39.581559+00:00 [notice] <0.282.0> WAL: ra_coordination_log_wal init, open tbls: ra_coordination_log_open_mem_tables, closed tbls: ra_coordination_log_closed_mem_tables
2024-04-08 00:39:39.583189+00:00 [info] <0.248.0> ra: starting system coordination
2024-04-08 00:39:39.583203+00:00 [info] <0.248.0> starting Ra system: coordination in directory: /var/lib/rabbitmq/mnesia/rabbit@9b29f0e969bc/coordination/rabbit@9b29f0e969bc
2024-04-08 00:39:39.637267+00:00 [info] <0.248.0> Waiting for Khepri leader for 30000 ms, 9 retries left
2024-04-08 00:39:39.639051+00:00 [notice] <0.285.0> RabbitMQ metadata store: candidate -> leader in term: 1 machine version: 0
2024-04-08 00:39:39.645679+00:00 [info] <0.248.0> Khepri leader elected
2024-04-08 00:39:39.793844+00:00 [info] <0.248.0> 
2024-04-08 00:39:39.793844+00:00 [info] <0.248.0>  Starting RabbitMQ 3.13.1 on Erlang 26.2.2 [jit]
2024-04-08 00:39:39.793844+00:00 [info] <0.248.0>  Copyright (c) 2007-2024 Broadcom Inc and/or its subsidiaries
2024-04-08 00:39:39.793844+00:00 [info] <0.248.0>  Licensed under the MPL 2.0. Website: https://rabbitmq.com
2024-04-08 00:39:39.794562+00:00 [info] <0.248.0> 
2024-04-08 00:39:39.794562+00:00 [info] <0.248.0>  node           : rabbit@9b29f0e969bc
2024-04-08 00:39:39.794562+00:00 [info] <0.248.0>  home dir       : /var/lib/rabbitmq
2024-04-08 00:39:39.794562+00:00 [info] <0.248.0>  config file(s) : (none)
2024-04-08 00:39:39.794562+00:00 [info] <0.248.0>  cookie hash    : h3mEYi6hOdL2TrbVlJp9dw==
2024-04-08 00:39:39.794562+00:00 [info] <0.248.0>  log(s)         : /var/log/rabbitmq/rabbit@9b29f0e969bc.log
2024-04-08 00:39:39.794562+00:00 [info] <0.248.0>                 : <stdout>
2024-04-08 00:39:39.794562+00:00 [info] <0.248.0>  data dir       : /var/lib/rabbitmq/mnesia/rabbit@9b29f0e969bc
2024-04-08 00:39:39.860019+00:00 [info] <0.248.0> Running boot step pre_boot defined by app rabbit
2024-04-08 00:39:39.860059+00:00 [info] <0.248.0> Running boot step rabbit_global_counters defined by app rabbit
2024-04-08 00:39:39.860183+00:00 [info] <0.248.0> Running boot step rabbit_osiris_metrics defined by app rabbit
2024-04-08 00:39:39.860256+00:00 [info] <0.248.0> Running boot step rabbit_core_metrics defined by app rabbit
2024-04-08 00:39:39.860571+00:00 [info] <0.248.0> Running boot step rabbit_alarm defined by app rabbit
2024-04-08 00:39:39.868746+00:00 [info] <0.321.0> Memory high watermark set to 3136 MiB (3288881561 bytes) of 7841 MiB (8222203904 bytes) total
2024-04-08 00:39:39.871148+00:00 [info] <0.323.0> Enabling free disk space monitoring (disk free space: 343656747008, total memory: 8222203904)
2024-04-08 00:39:39.871196+00:00 [info] <0.323.0> Disk free limit set to 50MB
2024-04-08 00:39:39.872183+00:00 [info] <0.248.0> Running boot step code_server_cache defined by app rabbit
2024-04-08 00:39:39.872244+00:00 [info] <0.248.0> Running boot step file_handle_cache defined by app rabbit
2024-04-08 00:39:39.877113+00:00 [info] <0.326.0> Limiting to approx 1048479 file handles (943629 sockets)
2024-04-08 00:39:39.877215+00:00 [info] <0.327.0> FHC read buffering: OFF
2024-04-08 00:39:39.877231+00:00 [info] <0.327.0> FHC write buffering: ON
2024-04-08 00:39:39.877520+00:00 [info] <0.248.0> Running boot step worker_pool defined by app rabbit
2024-04-08 00:39:39.877558+00:00 [info] <0.308.0> Will use 8 processes for default worker pool
2024-04-08 00:39:39.877573+00:00 [info] <0.308.0> Starting worker pool 'worker_pool' with 8 processes in it
2024-04-08 00:39:39.877818+00:00 [info] <0.248.0> Running boot step database defined by app rabbit
2024-04-08 00:39:39.878430+00:00 [info] <0.248.0> Peer discovery: configured backend: rabbit_peer_discovery_classic_config
2024-04-08 00:39:39.879527+00:00 [notice] <0.309.0> Feature flags: attempt to enable `quorum_queue_non_voters`...
2024-04-08 00:39:39.917990+00:00 [notice] <0.309.0> Feature flags: `quorum_queue_non_voters` enabled
2024-04-08 00:39:39.918098+00:00 [notice] <0.309.0> Feature flags: attempt to enable `stream_update_config_command`...
2024-04-08 00:39:39.955256+00:00 [notice] <0.309.0> Feature flags: `stream_update_config_command` enabled
2024-04-08 00:39:39.955343+00:00 [notice] <0.309.0> Feature flags: attempt to enable `stream_filtering`...
2024-04-08 00:39:39.992281+00:00 [notice] <0.309.0> Feature flags: `stream_filtering` enabled
2024-04-08 00:39:39.992356+00:00 [notice] <0.309.0> Feature flags: attempt to enable `stream_sac_coordinator_unblock_group`...
2024-04-08 00:39:40.029344+00:00 [notice] <0.309.0> Feature flags: `stream_sac_coordinator_unblock_group` enabled
2024-04-08 00:39:40.029428+00:00 [notice] <0.309.0> Feature flags: attempt to enable `restart_streams`...
2024-04-08 00:39:40.066324+00:00 [notice] <0.309.0> Feature flags: `restart_streams` enabled
2024-04-08 00:39:40.066388+00:00 [notice] <0.309.0> Feature flags: attempt to enable `message_containers`...
2024-04-08 00:39:40.104685+00:00 [notice] <0.309.0> Feature flags: `message_containers` enabled
2024-04-08 00:39:40.104885+00:00 [info] <0.248.0> DB: virgin node -> run peer discovery
2024-04-08 00:39:40.111992+00:00 [notice] <0.44.0> Application mnesia exited with reason: stopped
2024-04-08 00:39:40.198458+00:00 [info] <0.248.0> Waiting for Mnesia tables for 30000 ms, 9 retries left
2024-04-08 00:39:40.198519+00:00 [info] <0.248.0> Successfully synced tables from a peer
2024-04-08 00:39:40.198567+00:00 [info] <0.248.0> Waiting for Mnesia tables for 30000 ms, 9 retries left
2024-04-08 00:39:40.198596+00:00 [info] <0.248.0> Successfully synced tables from a peer
2024-04-08 00:39:40.200843+00:00 [info] <0.248.0> Waiting for Mnesia tables for 30000 ms, 9 retries left
2024-04-08 00:39:40.200898+00:00 [info] <0.248.0> Successfully synced tables from a peer
2024-04-08 00:39:40.200977+00:00 [info] <0.248.0> Running boot step tracking_metadata_store defined by app rabbit
2024-04-08 00:39:40.201016+00:00 [info] <0.540.0> Setting up a table for connection tracking on this node: tracked_connection
2024-04-08 00:39:40.201040+00:00 [info] <0.540.0> Setting up a table for per-vhost connection counting on this node: tracked_connection_per_vhost
2024-04-08 00:39:40.201083+00:00 [info] <0.540.0> Setting up a table for per-user connection counting on this node: tracked_connection_per_user
2024-04-08 00:39:40.201118+00:00 [info] <0.540.0> Setting up a table for channel tracking on this node: tracked_channel
2024-04-08 00:39:40.201158+00:00 [info] <0.540.0> Setting up a table for channel tracking on this node: tracked_channel_per_user
2024-04-08 00:39:40.201193+00:00 [info] <0.248.0> Running boot step networking_metadata_store defined by app rabbit
2024-04-08 00:39:40.201244+00:00 [info] <0.248.0> Running boot step feature_flags defined by app rabbit
2024-04-08 00:39:40.201296+00:00 [info] <0.248.0> Running boot step codec_correctness_check defined by app rabbit
2024-04-08 00:39:40.201358+00:00 [info] <0.248.0> Running boot step external_infrastructure defined by app rabbit
2024-04-08 00:39:40.201404+00:00 [info] <0.248.0> Running boot step rabbit_event defined by app rabbit
2024-04-08 00:39:40.201480+00:00 [info] <0.248.0> Running boot step rabbit_registry defined by app rabbit
2024-04-08 00:39:40.201536+00:00 [info] <0.248.0> Running boot step rabbit_auth_mechanism_amqplain defined by app rabbit
2024-04-08 00:39:40.201576+00:00 [info] <0.248.0> Running boot step rabbit_auth_mechanism_cr_demo defined by app rabbit
2024-04-08 00:39:40.201597+00:00 [info] <0.248.0> Running boot step rabbit_auth_mechanism_plain defined by app rabbit
2024-04-08 00:39:40.201639+00:00 [info] <0.248.0> Running boot step rabbit_exchange_type_direct defined by app rabbit
2024-04-08 00:39:40.201681+00:00 [info] <0.248.0> Running boot step rabbit_exchange_type_fanout defined by app rabbit
2024-04-08 00:39:40.201711+00:00 [info] <0.248.0> Running boot step rabbit_exchange_type_headers defined by app rabbit
2024-04-08 00:39:40.201730+00:00 [info] <0.248.0> Running boot step rabbit_exchange_type_topic defined by app rabbit
2024-04-08 00:39:40.201756+00:00 [info] <0.248.0> Running boot step rabbit_mirror_queue_mode_all defined by app rabbit
2024-04-08 00:39:40.201788+00:00 [info] <0.248.0> Running boot step rabbit_mirror_queue_mode_exactly defined by app rabbit
2024-04-08 00:39:40.201810+00:00 [info] <0.248.0> Running boot step rabbit_mirror_queue_mode_nodes defined by app rabbit
2024-04-08 00:39:40.201856+00:00 [info] <0.248.0> Running boot step rabbit_priority_queue defined by app rabbit
2024-04-08 00:39:40.201873+00:00 [info] <0.248.0> Priority queues enabled, real BQ is rabbit_variable_queue
2024-04-08 00:39:40.201922+00:00 [info] <0.248.0> Running boot step rabbit_queue_location_client_local defined by app rabbit
2024-04-08 00:39:40.201958+00:00 [info] <0.248.0> Running boot step rabbit_queue_location_min_masters defined by app rabbit
2024-04-08 00:39:40.202021+00:00 [info] <0.248.0> Running boot step rabbit_queue_location_random defined by app rabbit
2024-04-08 00:39:40.202051+00:00 [info] <0.248.0> Running boot step kernel_ready defined by app rabbit
2024-04-08 00:39:40.202067+00:00 [info] <0.248.0> Running boot step rabbit_sysmon_minder defined by app rabbit
2024-04-08 00:39:40.202167+00:00 [info] <0.248.0> Running boot step rabbit_epmd_monitor defined by app rabbit
2024-04-08 00:39:40.202828+00:00 [info] <0.548.0> epmd monitor knows us, inter-node communication (distribution) port: 25672
2024-04-08 00:39:40.202880+00:00 [info] <0.248.0> Running boot step guid_generator defined by app rabbit
2024-04-08 00:39:40.203676+00:00 [info] <0.248.0> Running boot step rabbit_node_monitor defined by app rabbit
2024-04-08 00:39:40.203794+00:00 [info] <0.552.0> Starting rabbit_node_monitor (in ignore mode)
2024-04-08 00:39:40.203846+00:00 [info] <0.248.0> Running boot step delegate_sup defined by app rabbit
2024-04-08 00:39:40.204052+00:00 [info] <0.248.0> Running boot step rabbit_memory_monitor defined by app rabbit
2024-04-08 00:39:40.204157+00:00 [info] <0.248.0> Running boot step rabbit_fifo_dlx_sup defined by app rabbit
2024-04-08 00:39:40.204198+00:00 [info] <0.248.0> Running boot step core_initialized defined by app rabbit
2024-04-08 00:39:40.204210+00:00 [info] <0.248.0> Running boot step rabbit_channel_tracking_handler defined by app rabbit
2024-04-08 00:39:40.204239+00:00 [info] <0.248.0> Running boot step rabbit_connection_tracking_handler defined by app rabbit
2024-04-08 00:39:40.204260+00:00 [info] <0.248.0> Running boot step rabbit_definitions_hashing defined by app rabbit
2024-04-08 00:39:40.204287+00:00 [info] <0.248.0> Running boot step rabbit_exchange_parameters defined by app rabbit
2024-04-08 00:39:40.218666+00:00 [info] <0.248.0> Running boot step rabbit_mirror_queue_misc defined by app rabbit
2024-04-08 00:39:40.218964+00:00 [info] <0.248.0> Running boot step rabbit_policies defined by app rabbit
2024-04-08 00:39:40.219089+00:00 [info] <0.248.0> Running boot step rabbit_policy defined by app rabbit
2024-04-08 00:39:40.219113+00:00 [info] <0.248.0> Running boot step rabbit_queue_location_validator defined by app rabbit
2024-04-08 00:39:40.219140+00:00 [info] <0.248.0> Running boot step rabbit_quorum_memory_manager defined by app rabbit
2024-04-08 00:39:40.219167+00:00 [info] <0.248.0> Running boot step rabbit_quorum_queue defined by app rabbit
2024-04-08 00:39:40.219197+00:00 [info] <0.248.0> Running boot step rabbit_stream_coordinator defined by app rabbit
2024-04-08 00:39:40.219366+00:00 [info] <0.248.0> Running boot step rabbit_vhost_limit defined by app rabbit
2024-04-08 00:39:40.219421+00:00 [info] <0.248.0> Running boot step recovery defined by app rabbit
2024-04-08 00:39:40.226584+00:00 [info] <0.248.0> Running boot step empty_db_check defined by app rabbit
2024-04-08 00:39:40.226615+00:00 [info] <0.248.0> Will seed default virtual host and user...
2024-04-08 00:39:40.226662+00:00 [info] <0.248.0> Adding vhost '/' (description: 'Default virtual host', tags: [])
2024-04-08 00:39:40.227269+00:00 [info] <0.248.0> Inserted a virtual host record {vhost,<<"/">>,[],
2024-04-08 00:39:40.227269+00:00 [info] <0.248.0>                                       #{description =>
2024-04-08 00:39:40.227269+00:00 [info] <0.248.0>                                             <<"Default virtual host">>,
2024-04-08 00:39:40.227269+00:00 [info] <0.248.0>                                         tags => []}}
2024-04-08 00:39:40.229580+00:00 [info] <0.595.0> Making sure data directory '/var/lib/rabbitmq/mnesia/rabbit@9b29f0e969bc/msg_stores/vhosts/628WB79CIFDYO9LJI6DKMI09L' for vhost '/' exists
2024-04-08 00:39:40.230969+00:00 [info] <0.595.0> Setting segment_entry_count for vhost '/' with 0 queues to '2048'
2024-04-08 00:39:40.235829+00:00 [info] <0.595.0> Starting message stores for vhost '/'
2024-04-08 00:39:40.238923+00:00 [info] <0.605.0> Message store "628WB79CIFDYO9LJI6DKMI09L/msg_store_transient": using rabbit_msg_store_ets_index to provide index
2024-04-08 00:39:40.240225+00:00 [info] <0.595.0> Started message store of type transient for vhost '/'
2024-04-08 00:39:40.240296+00:00 [info] <0.609.0> Message store "628WB79CIFDYO9LJI6DKMI09L/msg_store_persistent": using rabbit_msg_store_ets_index to provide index
2024-04-08 00:39:40.240745+00:00 [warning] <0.609.0> Message store "628WB79CIFDYO9LJI6DKMI09L/msg_store_persistent": rebuilding indices from scratch
2024-04-08 00:39:40.241523+00:00 [info] <0.595.0> Started message store of type persistent for vhost '/'
2024-04-08 00:39:40.241585+00:00 [info] <0.595.0> Recovering 0 queues of type rabbit_classic_queue took 10ms
2024-04-08 00:39:40.241603+00:00 [info] <0.595.0> Recovering 0 queues of type rabbit_quorum_queue took 0ms
2024-04-08 00:39:40.241620+00:00 [info] <0.595.0> Recovering 0 queues of type rabbit_stream_queue took 0ms
2024-04-08 00:39:40.242679+00:00 [info] <0.248.0> Created user 'admin'
2024-04-08 00:39:40.243045+00:00 [info] <0.248.0> Successfully set user tags for user 'admin' to [administrator]
2024-04-08 00:39:40.243326+00:00 [info] <0.248.0> Successfully set permissions for user 'admin' in virtual host '/' to '.*', '.*', '.*'
2024-04-08 00:39:40.243344+00:00 [info] <0.248.0> Running boot step rabbit_observer_cli defined by app rabbit
2024-04-08 00:39:40.243374+00:00 [info] <0.248.0> Running boot step rabbit_looking_glass defined by app rabbit
2024-04-08 00:39:40.243385+00:00 [info] <0.248.0> Running boot step rabbit_core_metrics_gc defined by app rabbit
2024-04-08 00:39:40.243489+00:00 [info] <0.248.0> Running boot step background_gc defined by app rabbit
2024-04-08 00:39:40.243541+00:00 [info] <0.248.0> Running boot step routing_ready defined by app rabbit
2024-04-08 00:39:40.243551+00:00 [info] <0.248.0> Running boot step pre_flight defined by app rabbit
2024-04-08 00:39:40.243568+00:00 [info] <0.248.0> Running boot step notify_cluster defined by app rabbit
2024-04-08 00:39:40.243580+00:00 [info] <0.248.0> Running boot step networking defined by app rabbit
2024-04-08 00:39:40.243610+00:00 [info] <0.248.0> Running boot step rabbit_quorum_queue_periodic_membership_reconciliation defined by app rabbit
2024-04-08 00:39:40.243685+00:00 [info] <0.248.0> Running boot step definition_import_worker_pool defined by app rabbit
2024-04-08 00:39:40.243700+00:00 [info] <0.308.0> Starting worker pool 'definition_import_pool' with 8 processes in it
2024-04-08 00:39:40.244042+00:00 [info] <0.248.0> Running boot step cluster_name defined by app rabbit
2024-04-08 00:39:40.244080+00:00 [info] <0.248.0> Initialising internal cluster ID to 'rabbitmq-cluster-id-o-UeZ2xoLqfUz-2go_M3uQ'
2024-04-08 00:39:40.244378+00:00 [info] <0.248.0> Running boot step direct_client defined by app rabbit
2024-04-08 00:39:40.244431+00:00 [info] <0.650.0> Resetting node maintenance status
2024-04-08 00:39:40.244476+00:00 [info] <0.650.0> Ready to start client connection listeners
2024-04-08 00:39:40.257016+00:00 [info] <0.668.0> started TCP listener on [::]:5672
2024-04-08 00:39:40.326284+00:00 [info] <0.650.0> Server startup complete; 0 plugins started.
2024-04-08 00:39:40.448430+00:00 [info] <0.9.0> Time to start RabbitMQ: 2553 ms
2024-04-08 00:40:01.483436+00:00 [notice] <0.64.0> SIGTERM received - shutting down
2024-04-08 00:40:01.483436+00:00 [notice] <0.64.0> 
2024-04-08 00:40:01.487050+00:00 [info] <0.668.0> stopped TCP listener on [::]:5672
2024-04-08 00:40:01.488460+00:00 [info] <0.672.0> Closing all connections in vhost '/' on node 'rabbit@9b29f0e969bc' because the vhost is stopping
2024-04-08 00:40:01.488628+00:00 [info] <0.609.0> Stopping message store for directory '/var/lib/rabbitmq/mnesia/rabbit@9b29f0e969bc/msg_stores/vhosts/628WB79CIFDYO9LJI6DKMI09L/msg_store_persistent'
2024-04-08 00:40:01.505995+00:00 [info] <0.609.0> Message store for directory '/var/lib/rabbitmq/mnesia/rabbit@9b29f0e969bc/msg_stores/vhosts/628WB79CIFDYO9LJI6DKMI09L/msg_store_persistent' is stopped
2024-04-08 00:40:01.506121+00:00 [info] <0.605.0> Stopping message store for directory '/var/lib/rabbitmq/mnesia/rabbit@9b29f0e969bc/msg_stores/vhosts/628WB79CIFDYO9LJI6DKMI09L/msg_store_transient'
2024-04-08 00:40:01.512999+00:00 [info] <0.605.0> Message store for directory '/var/lib/rabbitmq/mnesia/rabbit@9b29f0e969bc/msg_stores/vhosts/628WB79CIFDYO9LJI6DKMI09L/msg_store_transient' is stopped
